   193.6073011    
   181.9250502    
   195.2863256    
   136.6397825    
   132.2438639    
   132.9999470    
   137.4129901    
   163.5588862    
   113.9167353    
   121.6551405    
   128.6189847    
   129.6336546    
   130.9338346    
   137.2932744    
   151.2964098    
   150.9633359    
   152.6687259    
   151.7248934    
   151.7525599    
   151.5427332    
   151.4889222    
   151.4767213    
   151.4781636    
   151.4792745    
   151.4804249    
   151.4789330    
   151.4786003    
   151.4789645    
   151.4798245    
   151.4800032    
   151.4799588    
   151.4799751    
   151.4799452    
   151.4799517    
   151.4799125    
   151.4798948    
   151.4798983    
