    0.237048398858E-03
    0.564765118551E-03
    0.123520825186E-02
    0.207917686138E-02
    0.199685745075E-02
    0.250846236978E-02
    0.258886980495E-02
    0.804029702837E-03
    0.204180801078E-02
    0.181967100319E-02
    0.165981637468E-02
    0.163849516045E-02
    0.160700664953E-02
    0.152914208432E-02
    0.101131890319E-02
    0.106250288970E-02
    0.950892573883E-03
    0.103931684944E-02
    0.104007736724E-02
    0.106199039076E-02
    0.106941344958E-02
    0.107122064772E-02
    0.107116306341E-02
    0.107106723397E-02
    0.107071506233E-02
    0.107069440404E-02
    0.107080967701E-02
    0.107080114570E-02
    0.107078200395E-02
    0.107075988714E-02
    0.107076296967E-02
    0.107075955398E-02
    0.107077149870E-02
    0.107076827307E-02
    0.107076999749E-02
    0.107077073033E-02
    0.107077070664E-02
