   136.2003346    
   95.62559175    
   51.96280082    
   6.125781409    
   41.52323555    
   52.05261804    
   56.64988219    
   48.45994537    
   45.56504846    
   18.49795492    
   7.830065054    
   6.203821674    
   6.068616106    
   8.459678654    
   6.271669600    
   5.231027863    
   4.339445737    
   2.550499222    
   1.255054301    
  0.2402771558    
  0.3084777997    
  0.2054145098    
  0.5726652500    
  0.3321141344    
  0.1137438433    
  0.8836838444E-02
  0.5351158032E-02
  0.9998224705E-03
  0.3336945271E-02
  0.2352725101E-02
  0.1339647785E-02
  0.5974902442E-03
  0.1472775539E-03
  0.1296001483E-04
  0.8736182281E-05
  0.2184709410E-04
  0.1517892088E-04
  0.5649442755E-05
