   139.2810850    
   106.7062271    
   188.9024665    
   242.4186603    
   228.5353600    
   240.5804033    
   159.8075447    
   115.3019732    
   116.6715076    
   82.47342507    
   87.84412462    
   111.5298633    
   97.78425815    
   98.21124009    
   96.08158049    
   91.13855523    
   85.09618740    
   77.37916669    
   73.21082629    
   72.05339101    
   73.59095005    
   75.36960752    
   74.83936775    
   73.56292252    
   73.12432094    
   73.07039163    
   73.10769109    
   73.10438115    
   73.08027480    
   73.07385465    
   73.07171705    
   73.07032168    
   73.06940654    
   73.06928014    
   73.06934627    
   73.06933586    
   73.06925493    
   73.06922212    
   73.06923304    
   73.06924503    
