    0.107225507461E-02
    0.125544205022E-02
    0.317793181034E-03
    0.122094242608E-02
    0.137525281609E-02
    0.808977752888E-03
    0.790715931500E-03
    0.382308985768E-02
    0.116740977283E-04
    0.381060145068E-02
    0.262687740452E-02
    0.247854992663E-02
    0.148176350627E-02
    0.166371513814E-02
    0.234299728534E-02
    0.264536768409E-02
    0.268768495118E-02
    0.174308180058E-03
    0.159947656660E-02
    0.155989598174E-02
    0.148946630034E-02
    0.152629363347E-03
    0.127231620693E-02
    0.116084988895E-02
    0.109054109048E-02
    0.104570664563E-02
    0.103540802401E-02
    0.103638576820E-02
    0.103783168940E-02
    0.103741370488E-02
    0.103708380504E-02
    0.103693706851E-02
    0.103692272383E-02
    0.103691079456E-02
    0.103686784045E-02
    0.103683472047E-02
    0.103682660237E-02
    0.103682466859E-02
    0.103682421120E-02
    0.103682373245E-02
