 
scale
 1.0
 
scale1
 1.0
 
scale2
 1.0
 
scale3
 1.0
 
avec
   7.309033590       0.000000000       0.000000000    
   3.653857233       6.330189519       0.000000000    
   0.000000000       0.000000000       90.54274717    
 
atoms
   1                                    : nspecies
'Si.in'                                 : spfname
  24                                    : natoms; atpos, bfcmt below
    0.00000000    0.00000000    0.00000000    0.00000000  0.00000000  0.00000000
    0.66666818    0.66666818    0.93406114    0.00000000  0.00000000  0.00000000
    0.33333409    0.33333409    0.06594266    0.00000000  0.00000000  0.00000000
    0.00000000    0.00000000    0.04945368    0.00000000  0.00000000  0.00000000
    0.66666818    0.66666818    0.98351293    0.00000000  0.00000000  0.00000000
    0.33333162    0.33333158    0.11539443    0.00000000  0.00000000  0.00000000
    0.00000000    0.00000000    0.19782227    0.00000000  0.00000000  0.00000000
    0.66666818    0.66666818    0.13188341    0.00000000  0.00000000  0.00000000
    0.33333409    0.33333409    0.26376495    0.00000000  0.00000000  0.00000000
    0.00000000    0.00000000    0.24727595    0.00000000  0.00000000  0.00000000
    0.66666818    0.66666818    0.18133518    0.00000000  0.00000000  0.00000000
    0.33333162    0.33333158    0.31321672    0.00000000  0.00000000  0.00000000
    0.05555556    0.05555556    0.39564452    0.00000000  0.00000000  0.00000000
    0.72222373    0.72222373    0.32970568    0.00000000  0.00000000  0.00000000
    0.38888964    0.38888964    0.46158719    0.00000000  0.00000000  0.00000000
    0.05555556    0.05555556    0.44509822    0.00000000  0.00000000  0.00000000
    0.72222373    0.72222373    0.37915745    0.00000000  0.00000000  0.00000000
    0.38888717    0.38888714    0.51103896    0.00000000  0.00000000  0.00000000
    0.05555556    0.05555556    0.59346682    0.00000000  0.00000000  0.00000000
    0.72222373    0.72222373    0.52752793    0.00000000  0.00000000  0.00000000
    0.38888964    0.38888964    0.65940940    0.00000000  0.00000000  0.00000000
    0.05555556    0.05555556    0.64292043    0.00000000  0.00000000  0.00000000
    0.72222373    0.72222373    0.57697976    0.00000000  0.00000000  0.00000000
    0.38888717    0.38888714    0.70886123    0.00000000  0.00000000  0.00000000
