 
+----------------------------+
| Real-space lattice vectors |
+----------------------------+
 
vector a1 :    7.309033590       0.000000000       0.000000000    
vector a2 :    3.653857233       6.330189519       0.000000000    
vector a3 :    0.000000000       0.000000000       90.54274717    
 
Stored column-wise as a matrix :
   7.309033590       3.653857233       0.000000000    
   0.000000000       6.330189519       0.000000000    
   0.000000000       0.000000000       90.54274717    
 
Inverse of matrix :
  0.1368169933     -0.7897232133E-01   0.000000000    
   0.000000000      0.1579731534       0.000000000    
   0.000000000       0.000000000      0.1104450695E-01
 
Unit cell volume :    4189.192696    
 
 
+----------------------------------+
| Reciprocal-space lattice vectors |
+----------------------------------+
 
vector b1 :   0.8596465223     -0.4961977291       0.000000000    
vector b2 :    0.000000000      0.9925745965       0.000000000    
vector b3 :    0.000000000       0.000000000      0.6939468377E-01
 
Stored column-wise as a matrix :
  0.8596465223       0.000000000       0.000000000    
 -0.4961977291      0.9925745965       0.000000000    
   0.000000000       0.000000000      0.6939468377E-01
 
Inverse of matrix :
   1.163268825       0.000000000       0.000000000    
  0.5815294400       1.007480953       0.000000000    
   0.000000000       0.000000000       14.41032577    
 
Brillouin zone volume :   0.5921193687E-01
