  0.5683129512    
   1.707767828    
   1.532833931    
   1.487035791    
   1.212342438    
  0.9429857546    
  0.6737337099    
  0.4660542031    
  0.2542273618    
  0.2123286326    
  0.2016121512    
  0.1686405441    
  0.1392823083    
  0.9355012672E-01
  0.6393038606E-01
  0.3769896274E-01
  0.1852649799E-01
  0.1336949607E-01
  0.1257974632E-01
  0.1029559030E-01
  0.9123476420E-02
  0.6629861822E-02
  0.2716445157E-02
  0.9539516033E-03
  0.1906225519E-03
  0.8539257633E-04
  0.8365494071E-04
  0.4010310134E-04
  0.1717244492E-04
  0.7255782107E-05
  0.3446799565E-05
  0.2432499868E-05
  0.1850735592E-05
  0.9933667376E-06
  0.4157505638E-06
  0.1800130175E-06
  0.9638818570E-07
  0.4540986754E-07
