    -7182.06437358    
    -7045.86403898    
    -7175.53971438    
    -7203.59611726    
    -7196.73119847    
    -7153.67651757    
    -7112.00470841    
    -7068.36798074    
    -7034.07050591    
    -7000.62044379    
    -6993.51375099    
    -6990.30817466    
    -6986.06186925    
    -6981.54420857    
    -6974.60168394    
    -6970.44493400    
    -6966.78182354    
    -6963.75013477    
    -6962.28449698    
    -6961.66706749    
    -6961.74055390    
    -6962.10910099    
    -6961.82656703    
    -6961.30525541    
    -6961.11630759    
    -6961.08559228    
    -6961.10519140    
    -6961.11275177    
    -6961.11041416    
    -6961.10732717    
    -6961.10580868    
    -6961.10505721    
    -6961.10479463    
    -6961.10479673    
    -6961.10482059    
    -6961.10481509    
    -6961.10479543    
    -6961.10478571    
    -6961.10478386    
    -6961.10478452    
