   57.45939121    
   87.95533912    
   77.11477279    
   18.71471193    
   5.494994792    
   4.247035360    
   26.30617851    
   10.35048513    
   5.009360066    
  0.7636412160    
   1.064681772    
  0.7766605535    
   2.961900323    
   6.163400492    
   1.494911584    
   1.245129181    
  0.3177000473E-01
  0.1454139067    
  0.4950775627E-01
  0.4693859672E-01
  0.8450566637E-02
  0.1399718385E-02
  0.7594750382E-03
  0.2120321815E-03
  0.4388987395E-03
  0.8323750399E-04
  0.1500139892E-03
  0.2549310175E-03
  0.1082886902E-03
  0.2672134542E-05
  0.7124025842E-04
  0.1645777888E-03
  0.4215972058E-04
  0.1697246762E-04
  0.4290831839E-05
