 
Species :    1 (Al), atom :    1
 APW functions :
  l =  0, energy derivative =  0 :   0.6550168534E-01
  l =  1, energy derivative =  0 :   0.6550168534E-01
  l =  2, energy derivative =  0 :   0.6550168534E-01
  l =  3, energy derivative =  0 :   0.6550168534E-01
  l =  4, energy derivative =  0 :   0.6550168534E-01
  l =  5, energy derivative =  0 :   0.6550168534E-01
  l =  6, energy derivative =  0 :   0.6550168534E-01
  l =  7, energy derivative =  0 :   0.6550168534E-01
  l =  8, energy derivative =  0 :   0.6550168534E-01
  l =  9, energy derivative =  0 :   0.6550168534E-01
 local-orbital functions :
  l.o. =  1, l =  0, energy derivative =  0 :   0.6550168534E-01
  l.o. =  1, l =  0, energy derivative =  1 :   0.6550168534E-01
  l.o. =  2, l =  1, energy derivative =  0 :   0.6550168534E-01
  l.o. =  2, l =  1, energy derivative =  1 :   0.6550168534E-01
  l.o. =  3, l =  1, energy derivative =  0 :   0.6550168534E-01
  l.o. =  3, l =  1, energy derivative =  0 :   -2.222112814    
  l.o. =  4, l =  2, energy derivative =  0 :   0.6550168534E-01
  l.o. =  4, l =  2, energy derivative =  1 :   0.6550168534E-01
  l.o. =  5, l =  3, energy derivative =  0 :   0.6550168534E-01
  l.o. =  5, l =  3, energy derivative =  1 :   0.6550168534E-01
  l.o. =  6, l =  0, energy derivative =  0 :   0.9651463526    
  l.o. =  6, l =  0, energy derivative =  1 :   0.9651463526    
  l.o. =  6, l =  0, energy derivative =  2 :   0.9651463526    
  l.o. =  7, l =  1, energy derivative =  0 :    1.384548732    
  l.o. =  7, l =  1, energy derivative =  1 :    1.384548732    
  l.o. =  7, l =  1, energy derivative =  2 :    1.384548732    
  l.o. =  8, l =  2, energy derivative =  0 :    1.665579465    
  l.o. =  8, l =  2, energy derivative =  1 :    1.665579465    
  l.o. =  8, l =  2, energy derivative =  2 :    1.665579465    
  l.o. =  9, l =  3, energy derivative =  0 :    3.575759506    
  l.o. =  9, l =  3, energy derivative =  1 :    3.575759506    
  l.o. =  9, l =  3, energy derivative =  2 :    3.575759506    
  l.o. = 10, l =  4, energy derivative =  0 :    5.601846629    
  l.o. = 10, l =  4, energy derivative =  1 :    5.601846629    
  l.o. = 10, l =  4, energy derivative =  2 :    5.601846629    
  l.o. = 11, l =  5, energy derivative =  0 :    7.861176225    
  l.o. = 11, l =  5, energy derivative =  1 :    7.861176225    
  l.o. = 11, l =  5, energy derivative =  2 :    7.861176225    
  l.o. = 12, l =  6, energy derivative =  0 :    10.38038094    
  l.o. = 12, l =  6, energy derivative =  1 :    10.38038094    
  l.o. = 12, l =  6, energy derivative =  2 :    10.38038094    
  l.o. = 13, l =  7, energy derivative =  0 :    13.16820166    
  l.o. = 13, l =  7, energy derivative =  1 :    13.16820166    
  l.o. = 13, l =  7, energy derivative =  2 :    13.16820166    
 
Species :    1 (Al), atom :    2
 APW functions :
  l =  0, energy derivative =  0 :   0.6550168534E-01
  l =  1, energy derivative =  0 :   0.6550168534E-01
  l =  2, energy derivative =  0 :   0.6550168534E-01
  l =  3, energy derivative =  0 :   0.6550168534E-01
  l =  4, energy derivative =  0 :   0.6550168534E-01
  l =  5, energy derivative =  0 :   0.6550168534E-01
  l =  6, energy derivative =  0 :   0.6550168534E-01
  l =  7, energy derivative =  0 :   0.6550168534E-01
  l =  8, energy derivative =  0 :   0.6550168534E-01
  l =  9, energy derivative =  0 :   0.6550168534E-01
 local-orbital functions :
  l.o. =  1, l =  0, energy derivative =  0 :   0.6550168534E-01
  l.o. =  1, l =  0, energy derivative =  1 :   0.6550168534E-01
  l.o. =  2, l =  1, energy derivative =  0 :   0.6550168534E-01
  l.o. =  2, l =  1, energy derivative =  1 :   0.6550168534E-01
  l.o. =  3, l =  1, energy derivative =  0 :   0.6550168534E-01
  l.o. =  3, l =  1, energy derivative =  0 :   -2.220701882    
  l.o. =  4, l =  2, energy derivative =  0 :   0.6550168534E-01
  l.o. =  4, l =  2, energy derivative =  1 :   0.6550168534E-01
  l.o. =  5, l =  3, energy derivative =  0 :   0.6550168534E-01
  l.o. =  5, l =  3, energy derivative =  1 :   0.6550168534E-01
  l.o. =  6, l =  0, energy derivative =  0 :   0.9640004299    
  l.o. =  6, l =  0, energy derivative =  1 :   0.9640004299    
  l.o. =  6, l =  0, energy derivative =  2 :   0.9640004299    
  l.o. =  7, l =  1, energy derivative =  0 :    1.383437387    
  l.o. =  7, l =  1, energy derivative =  1 :    1.383437387    
  l.o. =  7, l =  1, energy derivative =  2 :    1.383437387    
  l.o. =  8, l =  2, energy derivative =  0 :    1.664482217    
  l.o. =  8, l =  2, energy derivative =  1 :    1.664482217    
  l.o. =  8, l =  2, energy derivative =  2 :    1.664482217    
  l.o. =  9, l =  3, energy derivative =  0 :    3.573921938    
  l.o. =  9, l =  3, energy derivative =  1 :    3.573921938    
  l.o. =  9, l =  3, energy derivative =  2 :    3.573921938    
  l.o. = 10, l =  4, energy derivative =  0 :    5.599470047    
  l.o. = 10, l =  4, energy derivative =  1 :    5.599470047    
  l.o. = 10, l =  4, energy derivative =  2 :    5.599470047    
  l.o. = 11, l =  5, energy derivative =  0 :    7.858322071    
  l.o. = 11, l =  5, energy derivative =  1 :    7.858322071    
  l.o. = 11, l =  5, energy derivative =  2 :    7.858322071    
  l.o. = 12, l =  6, energy derivative =  0 :    10.37708530    
  l.o. = 12, l =  6, energy derivative =  1 :    10.37708530    
  l.o. = 12, l =  6, energy derivative =  2 :    10.37708530    
  l.o. = 13, l =  7, energy derivative =  0 :    13.16449492    
  l.o. = 13, l =  7, energy derivative =  1 :    13.16449492    
  l.o. = 13, l =  7, energy derivative =  2 :    13.16449492    
 
Species :    1 (Al), atom :    3
 APW functions :
  l =  0, energy derivative =  0 :   0.6550168534E-01
  l =  1, energy derivative =  0 :   0.6550168534E-01
  l =  2, energy derivative =  0 :   0.6550168534E-01
  l =  3, energy derivative =  0 :   0.6550168534E-01
  l =  4, energy derivative =  0 :   0.6550168534E-01
  l =  5, energy derivative =  0 :   0.6550168534E-01
  l =  6, energy derivative =  0 :   0.6550168534E-01
  l =  7, energy derivative =  0 :   0.6550168534E-01
  l =  8, energy derivative =  0 :   0.6550168534E-01
  l =  9, energy derivative =  0 :   0.6550168534E-01
 local-orbital functions :
  l.o. =  1, l =  0, energy derivative =  0 :   0.6550168534E-01
  l.o. =  1, l =  0, energy derivative =  1 :   0.6550168534E-01
  l.o. =  2, l =  1, energy derivative =  0 :   0.6550168534E-01
  l.o. =  2, l =  1, energy derivative =  1 :   0.6550168534E-01
  l.o. =  3, l =  1, energy derivative =  0 :   0.6550168534E-01
  l.o. =  3, l =  1, energy derivative =  0 :   -2.219840990    
  l.o. =  4, l =  2, energy derivative =  0 :   0.6550168534E-01
  l.o. =  4, l =  2, energy derivative =  1 :   0.6550168534E-01
  l.o. =  5, l =  3, energy derivative =  0 :   0.6550168534E-01
  l.o. =  5, l =  3, energy derivative =  1 :   0.6550168534E-01
  l.o. =  6, l =  0, energy derivative =  0 :   0.9648330877    
  l.o. =  6, l =  0, energy derivative =  1 :   0.9648330877    
  l.o. =  6, l =  0, energy derivative =  2 :   0.9648330877    
  l.o. =  7, l =  1, energy derivative =  0 :    1.384274970    
  l.o. =  7, l =  1, energy derivative =  1 :    1.384274970    
  l.o. =  7, l =  1, energy derivative =  2 :    1.384274970    
  l.o. =  8, l =  2, energy derivative =  0 :    1.665306850    
  l.o. =  8, l =  2, energy derivative =  1 :    1.665306850    
  l.o. =  8, l =  2, energy derivative =  2 :    1.665306850    
  l.o. =  9, l =  3, energy derivative =  0 :    3.574752595    
  l.o. =  9, l =  3, energy derivative =  1 :    3.574752595    
  l.o. =  9, l =  3, energy derivative =  2 :    3.574752595    
  l.o. = 10, l =  4, energy derivative =  0 :    5.600308393    
  l.o. = 10, l =  4, energy derivative =  1 :    5.600308393    
  l.o. = 10, l =  4, energy derivative =  2 :    5.600308393    
  l.o. = 11, l =  5, energy derivative =  0 :    7.859168446    
  l.o. = 11, l =  5, energy derivative =  1 :    7.859168446    
  l.o. = 11, l =  5, energy derivative =  2 :    7.859168446    
  l.o. = 12, l =  6, energy derivative =  0 :    10.37793967    
  l.o. = 12, l =  6, energy derivative =  1 :    10.37793967    
  l.o. = 12, l =  6, energy derivative =  2 :    10.37793967    
  l.o. = 13, l =  7, energy derivative =  0 :    13.16535704    
  l.o. = 13, l =  7, energy derivative =  1 :    13.16535704    
  l.o. = 13, l =  7, energy derivative =  2 :    13.16535704    
 
Species :    1 (Al), atom :    4
 APW functions :
  l =  0, energy derivative =  0 :   0.6550168534E-01
  l =  1, energy derivative =  0 :   0.6550168534E-01
  l =  2, energy derivative =  0 :   0.6550168534E-01
  l =  3, energy derivative =  0 :   0.6550168534E-01
  l =  4, energy derivative =  0 :   0.6550168534E-01
  l =  5, energy derivative =  0 :   0.6550168534E-01
  l =  6, energy derivative =  0 :   0.6550168534E-01
  l =  7, energy derivative =  0 :   0.6550168534E-01
  l =  8, energy derivative =  0 :   0.6550168534E-01
  l =  9, energy derivative =  0 :   0.6550168534E-01
 local-orbital functions :
  l.o. =  1, l =  0, energy derivative =  0 :   0.6550168534E-01
  l.o. =  1, l =  0, energy derivative =  1 :   0.6550168534E-01
  l.o. =  2, l =  1, energy derivative =  0 :   0.6550168534E-01
  l.o. =  2, l =  1, energy derivative =  1 :   0.6550168534E-01
  l.o. =  3, l =  1, energy derivative =  0 :   0.6550168534E-01
  l.o. =  3, l =  1, energy derivative =  0 :   -2.220222571    
  l.o. =  4, l =  2, energy derivative =  0 :   0.6550168534E-01
  l.o. =  4, l =  2, energy derivative =  1 :   0.6550168534E-01
  l.o. =  5, l =  3, energy derivative =  0 :   0.6550168534E-01
  l.o. =  5, l =  3, energy derivative =  1 :   0.6550168534E-01
  l.o. =  6, l =  0, energy derivative =  0 :   0.9645682071    
  l.o. =  6, l =  0, energy derivative =  1 :   0.9645682071    
  l.o. =  6, l =  0, energy derivative =  2 :   0.9645682071    
  l.o. =  7, l =  1, energy derivative =  0 :    1.384004197    
  l.o. =  7, l =  1, energy derivative =  1 :    1.384004197    
  l.o. =  7, l =  1, energy derivative =  2 :    1.384004197    
  l.o. =  8, l =  2, energy derivative =  0 :    1.665041139    
  l.o. =  8, l =  2, energy derivative =  1 :    1.665041139    
  l.o. =  8, l =  2, energy derivative =  2 :    1.665041139    
  l.o. =  9, l =  3, energy derivative =  0 :    3.574508485    
  l.o. =  9, l =  3, energy derivative =  1 :    3.574508485    
  l.o. =  9, l =  3, energy derivative =  2 :    3.574508485    
  l.o. = 10, l =  4, energy derivative =  0 :    5.600075057    
  l.o. = 10, l =  4, energy derivative =  1 :    5.600075057    
  l.o. = 10, l =  4, energy derivative =  2 :    5.600075057    
  l.o. = 11, l =  5, energy derivative =  0 :    7.858941868    
  l.o. = 11, l =  5, energy derivative =  1 :    7.858941868    
  l.o. = 11, l =  5, energy derivative =  2 :    7.858941868    
  l.o. = 12, l =  6, energy derivative =  0 :    10.37771755    
  l.o. = 12, l =  6, energy derivative =  1 :    10.37771755    
  l.o. = 12, l =  6, energy derivative =  2 :    10.37771755    
  l.o. = 13, l =  7, energy derivative =  0 :    13.16513781    
  l.o. = 13, l =  7, energy derivative =  1 :    13.16513781    
  l.o. = 13, l =  7, energy derivative =  2 :    13.16513781    
 
Species :    1 (Al), atom :    5
 APW functions :
  l =  0, energy derivative =  0 :   0.6550168534E-01
  l =  1, energy derivative =  0 :   0.6550168534E-01
  l =  2, energy derivative =  0 :   0.6550168534E-01
  l =  3, energy derivative =  0 :   0.6550168534E-01
  l =  4, energy derivative =  0 :   0.6550168534E-01
  l =  5, energy derivative =  0 :   0.6550168534E-01
  l =  6, energy derivative =  0 :   0.6550168534E-01
  l =  7, energy derivative =  0 :   0.6550168534E-01
  l =  8, energy derivative =  0 :   0.6550168534E-01
  l =  9, energy derivative =  0 :   0.6550168534E-01
 local-orbital functions :
  l.o. =  1, l =  0, energy derivative =  0 :   0.6550168534E-01
  l.o. =  1, l =  0, energy derivative =  1 :   0.6550168534E-01
  l.o. =  2, l =  1, energy derivative =  0 :   0.6550168534E-01
  l.o. =  2, l =  1, energy derivative =  1 :   0.6550168534E-01
  l.o. =  3, l =  1, energy derivative =  0 :   0.6550168534E-01
  l.o. =  3, l =  1, energy derivative =  0 :   -2.221690447    
  l.o. =  4, l =  2, energy derivative =  0 :   0.6550168534E-01
  l.o. =  4, l =  2, energy derivative =  1 :   0.6550168534E-01
  l.o. =  5, l =  3, energy derivative =  0 :   0.6550168534E-01
  l.o. =  5, l =  3, energy derivative =  1 :   0.6550168534E-01
  l.o. =  6, l =  0, energy derivative =  0 :   0.9632287141    
  l.o. =  6, l =  0, energy derivative =  1 :   0.9632287141    
  l.o. =  6, l =  0, energy derivative =  2 :   0.9632287141    
  l.o. =  7, l =  1, energy derivative =  0 :    1.382660988    
  l.o. =  7, l =  1, energy derivative =  1 :    1.382660988    
  l.o. =  7, l =  1, energy derivative =  2 :    1.382660988    
  l.o. =  8, l =  2, energy derivative =  0 :    1.663687178    
  l.o. =  8, l =  2, energy derivative =  1 :    1.663687178    
  l.o. =  8, l =  2, energy derivative =  2 :    1.663687178    
  l.o. =  9, l =  3, energy derivative =  0 :    3.573187127    
  l.o. =  9, l =  3, energy derivative =  1 :    3.573187127    
  l.o. =  9, l =  3, energy derivative =  2 :    3.573187127    
  l.o. = 10, l =  4, energy derivative =  0 :    5.598771088    
  l.o. = 10, l =  4, energy derivative =  1 :    5.598771088    
  l.o. = 10, l =  4, energy derivative =  2 :    5.598771088    
  l.o. = 11, l =  5, energy derivative =  0 :    7.857648869    
  l.o. = 11, l =  5, energy derivative =  1 :    7.857648869    
  l.o. = 11, l =  5, energy derivative =  2 :    7.857648869    
  l.o. = 12, l =  6, energy derivative =  0 :    10.37643162    
  l.o. = 12, l =  6, energy derivative =  1 :    10.37643162    
  l.o. = 12, l =  6, energy derivative =  2 :    10.37643162    
  l.o. = 13, l =  7, energy derivative =  0 :    13.16385624    
  l.o. = 13, l =  7, energy derivative =  1 :    13.16385624    
  l.o. = 13, l =  7, energy derivative =  2 :    13.16385624    
 
Species :    1 (Al), atom :    6
 APW functions :
  l =  0, energy derivative =  0 :   0.6550168534E-01
  l =  1, energy derivative =  0 :   0.6550168534E-01
  l =  2, energy derivative =  0 :   0.6550168534E-01
  l =  3, energy derivative =  0 :   0.6550168534E-01
  l =  4, energy derivative =  0 :   0.6550168534E-01
  l =  5, energy derivative =  0 :   0.6550168534E-01
  l =  6, energy derivative =  0 :   0.6550168534E-01
  l =  7, energy derivative =  0 :   0.6550168534E-01
  l =  8, energy derivative =  0 :   0.6550168534E-01
  l =  9, energy derivative =  0 :   0.6550168534E-01
 local-orbital functions :
  l.o. =  1, l =  0, energy derivative =  0 :   0.6550168534E-01
  l.o. =  1, l =  0, energy derivative =  1 :   0.6550168534E-01
  l.o. =  2, l =  1, energy derivative =  0 :   0.6550168534E-01
  l.o. =  2, l =  1, energy derivative =  1 :   0.6550168534E-01
  l.o. =  3, l =  1, energy derivative =  0 :   0.6550168534E-01
  l.o. =  3, l =  1, energy derivative =  0 :   -2.220964627    
  l.o. =  4, l =  2, energy derivative =  0 :   0.6550168534E-01
  l.o. =  4, l =  2, energy derivative =  1 :   0.6550168534E-01
  l.o. =  5, l =  3, energy derivative =  0 :   0.6550168534E-01
  l.o. =  5, l =  3, energy derivative =  1 :   0.6550168534E-01
  l.o. =  6, l =  0, energy derivative =  0 :   0.9638645663    
  l.o. =  6, l =  0, energy derivative =  1 :   0.9638645663    
  l.o. =  6, l =  0, energy derivative =  2 :   0.9638645663    
  l.o. =  7, l =  1, energy derivative =  0 :    1.383298943    
  l.o. =  7, l =  1, energy derivative =  1 :    1.383298943    
  l.o. =  7, l =  1, energy derivative =  2 :    1.383298943    
  l.o. =  8, l =  2, energy derivative =  0 :    1.664330201    
  l.o. =  8, l =  2, energy derivative =  1 :    1.664330201    
  l.o. =  8, l =  2, energy derivative =  2 :    1.664330201    
  l.o. =  9, l =  3, energy derivative =  0 :    3.573805786    
  l.o. =  9, l =  3, energy derivative =  1 :    3.573805786    
  l.o. =  9, l =  3, energy derivative =  2 :    3.573805786    
  l.o. = 10, l =  4, energy derivative =  0 :    5.599374704    
  l.o. = 10, l =  4, energy derivative =  1 :    5.599374704    
  l.o. = 10, l =  4, energy derivative =  2 :    5.599374704    
  l.o. = 11, l =  5, energy derivative =  0 :    7.858241130    
  l.o. = 11, l =  5, energy derivative =  1 :    7.858241130    
  l.o. = 11, l =  5, energy derivative =  2 :    7.858241130    
  l.o. = 12, l =  6, energy derivative =  0 :    10.37701479    
  l.o. = 12, l =  6, energy derivative =  1 :    10.37701479    
  l.o. = 12, l =  6, energy derivative =  2 :    10.37701479    
  l.o. = 13, l =  7, energy derivative =  0 :    13.16443199    
  l.o. = 13, l =  7, energy derivative =  1 :    13.16443199    
  l.o. = 13, l =  7, energy derivative =  2 :    13.16443199    
 
Species :    1 (Al), atom :    7
 APW functions :
  l =  0, energy derivative =  0 :   0.6550168534E-01
  l =  1, energy derivative =  0 :   0.6550168534E-01
  l =  2, energy derivative =  0 :   0.6550168534E-01
  l =  3, energy derivative =  0 :   0.6550168534E-01
  l =  4, energy derivative =  0 :   0.6550168534E-01
  l =  5, energy derivative =  0 :   0.6550168534E-01
  l =  6, energy derivative =  0 :   0.6550168534E-01
  l =  7, energy derivative =  0 :   0.6550168534E-01
  l =  8, energy derivative =  0 :   0.6550168534E-01
  l =  9, energy derivative =  0 :   0.6550168534E-01
 local-orbital functions :
  l.o. =  1, l =  0, energy derivative =  0 :   0.6550168534E-01
  l.o. =  1, l =  0, energy derivative =  1 :   0.6550168534E-01
  l.o. =  2, l =  1, energy derivative =  0 :   0.6550168534E-01
  l.o. =  2, l =  1, energy derivative =  1 :   0.6550168534E-01
  l.o. =  3, l =  1, energy derivative =  0 :   0.6550168534E-01
  l.o. =  3, l =  1, energy derivative =  0 :   -2.221690287    
  l.o. =  4, l =  2, energy derivative =  0 :   0.6550168534E-01
  l.o. =  4, l =  2, energy derivative =  1 :   0.6550168534E-01
  l.o. =  5, l =  3, energy derivative =  0 :   0.6550168534E-01
  l.o. =  5, l =  3, energy derivative =  1 :   0.6550168534E-01
  l.o. =  6, l =  0, energy derivative =  0 :   0.9632286059    
  l.o. =  6, l =  0, energy derivative =  1 :   0.9632286059    
  l.o. =  6, l =  0, energy derivative =  2 :   0.9632286059    
  l.o. =  7, l =  1, energy derivative =  0 :    1.382660886    
  l.o. =  7, l =  1, energy derivative =  1 :    1.382660886    
  l.o. =  7, l =  1, energy derivative =  2 :    1.382660886    
  l.o. =  8, l =  2, energy derivative =  0 :    1.663687083    
  l.o. =  8, l =  2, energy derivative =  1 :    1.663687083    
  l.o. =  8, l =  2, energy derivative =  2 :    1.663687083    
  l.o. =  9, l =  3, energy derivative =  0 :    3.573186960    
  l.o. =  9, l =  3, energy derivative =  1 :    3.573186960    
  l.o. =  9, l =  3, energy derivative =  2 :    3.573186960    
  l.o. = 10, l =  4, energy derivative =  0 :    5.598770872    
  l.o. = 10, l =  4, energy derivative =  1 :    5.598770872    
  l.o. = 10, l =  4, energy derivative =  2 :    5.598770872    
  l.o. = 11, l =  5, energy derivative =  0 :    7.857648614    
  l.o. = 11, l =  5, energy derivative =  1 :    7.857648614    
  l.o. = 11, l =  5, energy derivative =  2 :    7.857648614    
  l.o. = 12, l =  6, energy derivative =  0 :    10.37643133    
  l.o. = 12, l =  6, energy derivative =  1 :    10.37643133    
  l.o. = 12, l =  6, energy derivative =  2 :    10.37643133    
  l.o. = 13, l =  7, energy derivative =  0 :    13.16385592    
  l.o. = 13, l =  7, energy derivative =  1 :    13.16385592    
  l.o. = 13, l =  7, energy derivative =  2 :    13.16385592    
 
Species :    1 (Al), atom :    8
 APW functions :
  l =  0, energy derivative =  0 :   0.6550168534E-01
  l =  1, energy derivative =  0 :   0.6550168534E-01
  l =  2, energy derivative =  0 :   0.6550168534E-01
  l =  3, energy derivative =  0 :   0.6550168534E-01
  l =  4, energy derivative =  0 :   0.6550168534E-01
  l =  5, energy derivative =  0 :   0.6550168534E-01
  l =  6, energy derivative =  0 :   0.6550168534E-01
  l =  7, energy derivative =  0 :   0.6550168534E-01
  l =  8, energy derivative =  0 :   0.6550168534E-01
  l =  9, energy derivative =  0 :   0.6550168534E-01
 local-orbital functions :
  l.o. =  1, l =  0, energy derivative =  0 :   0.6550168534E-01
  l.o. =  1, l =  0, energy derivative =  1 :   0.6550168534E-01
  l.o. =  2, l =  1, energy derivative =  0 :   0.6550168534E-01
  l.o. =  2, l =  1, energy derivative =  1 :   0.6550168534E-01
  l.o. =  3, l =  1, energy derivative =  0 :   0.6550168534E-01
  l.o. =  3, l =  1, energy derivative =  0 :   -2.220222778    
  l.o. =  4, l =  2, energy derivative =  0 :   0.6550168534E-01
  l.o. =  4, l =  2, energy derivative =  1 :   0.6550168534E-01
  l.o. =  5, l =  3, energy derivative =  0 :   0.6550168534E-01
  l.o. =  5, l =  3, energy derivative =  1 :   0.6550168534E-01
  l.o. =  6, l =  0, energy derivative =  0 :   0.9645682736    
  l.o. =  6, l =  0, energy derivative =  1 :   0.9645682736    
  l.o. =  6, l =  0, energy derivative =  2 :   0.9645682736    
  l.o. =  7, l =  1, energy derivative =  0 :    1.384004257    
  l.o. =  7, l =  1, energy derivative =  1 :    1.384004257    
  l.o. =  7, l =  1, energy derivative =  2 :    1.384004257    
  l.o. =  8, l =  2, energy derivative =  0 :    1.665041193    
  l.o. =  8, l =  2, energy derivative =  1 :    1.665041193    
  l.o. =  8, l =  2, energy derivative =  2 :    1.665041193    
  l.o. =  9, l =  3, energy derivative =  0 :    3.574508614    
  l.o. =  9, l =  3, energy derivative =  1 :    3.574508614    
  l.o. =  9, l =  3, energy derivative =  2 :    3.574508614    
  l.o. = 10, l =  4, energy derivative =  0 :    5.600075235    
  l.o. = 10, l =  4, energy derivative =  1 :    5.600075235    
  l.o. = 10, l =  4, energy derivative =  2 :    5.600075235    
  l.o. = 11, l =  5, energy derivative =  0 :    7.858942087    
  l.o. = 11, l =  5, energy derivative =  1 :    7.858942087    
  l.o. = 11, l =  5, energy derivative =  2 :    7.858942087    
  l.o. = 12, l =  6, energy derivative =  0 :    10.37771780    
  l.o. = 12, l =  6, energy derivative =  1 :    10.37771780    
  l.o. = 12, l =  6, energy derivative =  2 :    10.37771780    
  l.o. = 13, l =  7, energy derivative =  0 :    13.16513809    
  l.o. = 13, l =  7, energy derivative =  1 :    13.16513809    
  l.o. = 13, l =  7, energy derivative =  2 :    13.16513809    
 
Species :    1 (Al), atom :    9
 APW functions :
  l =  0, energy derivative =  0 :   0.6550168534E-01
  l =  1, energy derivative =  0 :   0.6550168534E-01
  l =  2, energy derivative =  0 :   0.6550168534E-01
  l =  3, energy derivative =  0 :   0.6550168534E-01
  l =  4, energy derivative =  0 :   0.6550168534E-01
  l =  5, energy derivative =  0 :   0.6550168534E-01
  l =  6, energy derivative =  0 :   0.6550168534E-01
  l =  7, energy derivative =  0 :   0.6550168534E-01
  l =  8, energy derivative =  0 :   0.6550168534E-01
  l =  9, energy derivative =  0 :   0.6550168534E-01
 local-orbital functions :
  l.o. =  1, l =  0, energy derivative =  0 :   0.6550168534E-01
  l.o. =  1, l =  0, energy derivative =  1 :   0.6550168534E-01
  l.o. =  2, l =  1, energy derivative =  0 :   0.6550168534E-01
  l.o. =  2, l =  1, energy derivative =  1 :   0.6550168534E-01
  l.o. =  3, l =  1, energy derivative =  0 :   0.6550168534E-01
  l.o. =  3, l =  1, energy derivative =  0 :   -2.220964715    
  l.o. =  4, l =  2, energy derivative =  0 :   0.6550168534E-01
  l.o. =  4, l =  2, energy derivative =  1 :   0.6550168534E-01
  l.o. =  5, l =  3, energy derivative =  0 :   0.6550168534E-01
  l.o. =  5, l =  3, energy derivative =  1 :   0.6550168534E-01
  l.o. =  6, l =  0, energy derivative =  0 :   0.9638644680    
  l.o. =  6, l =  0, energy derivative =  1 :   0.9638644680    
  l.o. =  6, l =  0, energy derivative =  2 :   0.9638644680    
  l.o. =  7, l =  1, energy derivative =  0 :    1.383298845    
  l.o. =  7, l =  1, energy derivative =  1 :    1.383298845    
  l.o. =  7, l =  1, energy derivative =  2 :    1.383298845    
  l.o. =  8, l =  2, energy derivative =  0 :    1.664330104    
  l.o. =  8, l =  2, energy derivative =  1 :    1.664330104    
  l.o. =  8, l =  2, energy derivative =  2 :    1.664330104    
  l.o. =  9, l =  3, energy derivative =  0 :    3.573805686    
  l.o. =  9, l =  3, energy derivative =  1 :    3.573805686    
  l.o. =  9, l =  3, energy derivative =  2 :    3.573805686    
  l.o. = 10, l =  4, energy derivative =  0 :    5.599374602    
  l.o. = 10, l =  4, energy derivative =  1 :    5.599374602    
  l.o. = 10, l =  4, energy derivative =  2 :    5.599374602    
  l.o. = 11, l =  5, energy derivative =  0 :    7.858241026    
  l.o. = 11, l =  5, energy derivative =  1 :    7.858241026    
  l.o. = 11, l =  5, energy derivative =  2 :    7.858241026    
  l.o. = 12, l =  6, energy derivative =  0 :    10.37701468    
  l.o. = 12, l =  6, energy derivative =  1 :    10.37701468    
  l.o. = 12, l =  6, energy derivative =  2 :    10.37701468    
  l.o. = 13, l =  7, energy derivative =  0 :    13.16443188    
  l.o. = 13, l =  7, energy derivative =  1 :    13.16443188    
  l.o. = 13, l =  7, energy derivative =  2 :    13.16443188    
 
Species :    1 (Al), atom :   10
 APW functions :
  l =  0, energy derivative =  0 :   0.6550168534E-01
  l =  1, energy derivative =  0 :   0.6550168534E-01
  l =  2, energy derivative =  0 :   0.6550168534E-01
  l =  3, energy derivative =  0 :   0.6550168534E-01
  l =  4, energy derivative =  0 :   0.6550168534E-01
  l =  5, energy derivative =  0 :   0.6550168534E-01
  l =  6, energy derivative =  0 :   0.6550168534E-01
  l =  7, energy derivative =  0 :   0.6550168534E-01
  l =  8, energy derivative =  0 :   0.6550168534E-01
  l =  9, energy derivative =  0 :   0.6550168534E-01
 local-orbital functions :
  l.o. =  1, l =  0, energy derivative =  0 :   0.6550168534E-01
  l.o. =  1, l =  0, energy derivative =  1 :   0.6550168534E-01
  l.o. =  2, l =  1, energy derivative =  0 :   0.6550168534E-01
  l.o. =  2, l =  1, energy derivative =  1 :   0.6550168534E-01
  l.o. =  3, l =  1, energy derivative =  0 :   0.6550168534E-01
  l.o. =  3, l =  1, energy derivative =  0 :   -2.220701638    
  l.o. =  4, l =  2, energy derivative =  0 :   0.6550168534E-01
  l.o. =  4, l =  2, energy derivative =  1 :   0.6550168534E-01
  l.o. =  5, l =  3, energy derivative =  0 :   0.6550168534E-01
  l.o. =  5, l =  3, energy derivative =  1 :   0.6550168534E-01
  l.o. =  6, l =  0, energy derivative =  0 :   0.9640003813    
  l.o. =  6, l =  0, energy derivative =  1 :   0.9640003813    
  l.o. =  6, l =  0, energy derivative =  2 :   0.9640003813    
  l.o. =  7, l =  1, energy derivative =  0 :    1.383437346    
  l.o. =  7, l =  1, energy derivative =  1 :    1.383437346    
  l.o. =  7, l =  1, energy derivative =  2 :    1.383437346    
  l.o. =  8, l =  2, energy derivative =  0 :    1.664482181    
  l.o. =  8, l =  2, energy derivative =  1 :    1.664482181    
  l.o. =  8, l =  2, energy derivative =  2 :    1.664482181    
  l.o. =  9, l =  3, energy derivative =  0 :    3.573921824    
  l.o. =  9, l =  3, energy derivative =  1 :    3.573921824    
  l.o. =  9, l =  3, energy derivative =  2 :    3.573921824    
  l.o. = 10, l =  4, energy derivative =  0 :    5.599469882    
  l.o. = 10, l =  4, energy derivative =  1 :    5.599469882    
  l.o. = 10, l =  4, energy derivative =  2 :    5.599469882    
  l.o. = 11, l =  5, energy derivative =  0 :    7.858321864    
  l.o. = 11, l =  5, energy derivative =  1 :    7.858321864    
  l.o. = 11, l =  5, energy derivative =  2 :    7.858321864    
  l.o. = 12, l =  6, energy derivative =  0 :    10.37708506    
  l.o. = 12, l =  6, energy derivative =  1 :    10.37708506    
  l.o. = 12, l =  6, energy derivative =  2 :    10.37708506    
  l.o. = 13, l =  7, energy derivative =  0 :    13.16449465    
  l.o. = 13, l =  7, energy derivative =  1 :    13.16449465    
  l.o. = 13, l =  7, energy derivative =  2 :    13.16449465    
 
Species :    1 (Al), atom :   11
 APW functions :
  l =  0, energy derivative =  0 :   0.6550168534E-01
  l =  1, energy derivative =  0 :   0.6550168534E-01
  l =  2, energy derivative =  0 :   0.6550168534E-01
  l =  3, energy derivative =  0 :   0.6550168534E-01
  l =  4, energy derivative =  0 :   0.6550168534E-01
  l =  5, energy derivative =  0 :   0.6550168534E-01
  l =  6, energy derivative =  0 :   0.6550168534E-01
  l =  7, energy derivative =  0 :   0.6550168534E-01
  l =  8, energy derivative =  0 :   0.6550168534E-01
  l =  9, energy derivative =  0 :   0.6550168534E-01
 local-orbital functions :
  l.o. =  1, l =  0, energy derivative =  0 :   0.6550168534E-01
  l.o. =  1, l =  0, energy derivative =  1 :   0.6550168534E-01
  l.o. =  2, l =  1, energy derivative =  0 :   0.6550168534E-01
  l.o. =  2, l =  1, energy derivative =  1 :   0.6550168534E-01
  l.o. =  3, l =  1, energy derivative =  0 :   0.6550168534E-01
  l.o. =  3, l =  1, energy derivative =  0 :   -2.222113024    
  l.o. =  4, l =  2, energy derivative =  0 :   0.6550168534E-01
  l.o. =  4, l =  2, energy derivative =  1 :   0.6550168534E-01
  l.o. =  5, l =  3, energy derivative =  0 :   0.6550168534E-01
  l.o. =  5, l =  3, energy derivative =  1 :   0.6550168534E-01
  l.o. =  6, l =  0, energy derivative =  0 :   0.9651462416    
  l.o. =  6, l =  0, energy derivative =  1 :   0.9651462416    
  l.o. =  6, l =  0, energy derivative =  2 :   0.9651462416    
  l.o. =  7, l =  1, energy derivative =  0 :    1.384548615    
  l.o. =  7, l =  1, energy derivative =  1 :    1.384548615    
  l.o. =  7, l =  1, energy derivative =  2 :    1.384548615    
  l.o. =  8, l =  2, energy derivative =  0 :    1.665579357    
  l.o. =  8, l =  2, energy derivative =  1 :    1.665579357    
  l.o. =  8, l =  2, energy derivative =  2 :    1.665579357    
  l.o. =  9, l =  3, energy derivative =  0 :    3.575759415    
  l.o. =  9, l =  3, energy derivative =  1 :    3.575759415    
  l.o. =  9, l =  3, energy derivative =  2 :    3.575759415    
  l.o. = 10, l =  4, energy derivative =  0 :    5.601846548    
  l.o. = 10, l =  4, energy derivative =  1 :    5.601846548    
  l.o. = 10, l =  4, energy derivative =  2 :    5.601846548    
  l.o. = 11, l =  5, energy derivative =  0 :    7.861176152    
  l.o. = 11, l =  5, energy derivative =  1 :    7.861176152    
  l.o. = 11, l =  5, energy derivative =  2 :    7.861176152    
  l.o. = 12, l =  6, energy derivative =  0 :    10.38038087    
  l.o. = 12, l =  6, energy derivative =  1 :    10.38038087    
  l.o. = 12, l =  6, energy derivative =  2 :    10.38038087    
  l.o. = 13, l =  7, energy derivative =  0 :    13.16820160    
  l.o. = 13, l =  7, energy derivative =  1 :    13.16820160    
  l.o. = 13, l =  7, energy derivative =  2 :    13.16820160    
 
Species :    1 (Al), atom :   12
 APW functions :
  l =  0, energy derivative =  0 :   0.6550168534E-01
  l =  1, energy derivative =  0 :   0.6550168534E-01
  l =  2, energy derivative =  0 :   0.6550168534E-01
  l =  3, energy derivative =  0 :   0.6550168534E-01
  l =  4, energy derivative =  0 :   0.6550168534E-01
  l =  5, energy derivative =  0 :   0.6550168534E-01
  l =  6, energy derivative =  0 :   0.6550168534E-01
  l =  7, energy derivative =  0 :   0.6550168534E-01
  l =  8, energy derivative =  0 :   0.6550168534E-01
  l =  9, energy derivative =  0 :   0.6550168534E-01
 local-orbital functions :
  l.o. =  1, l =  0, energy derivative =  0 :   0.6550168534E-01
  l.o. =  1, l =  0, energy derivative =  1 :   0.6550168534E-01
  l.o. =  2, l =  1, energy derivative =  0 :   0.6550168534E-01
  l.o. =  2, l =  1, energy derivative =  1 :   0.6550168534E-01
  l.o. =  3, l =  1, energy derivative =  0 :   0.6550168534E-01
  l.o. =  3, l =  1, energy derivative =  0 :   -2.219840997    
  l.o. =  4, l =  2, energy derivative =  0 :   0.6550168534E-01
  l.o. =  4, l =  2, energy derivative =  1 :   0.6550168534E-01
  l.o. =  5, l =  3, energy derivative =  0 :   0.6550168534E-01
  l.o. =  5, l =  3, energy derivative =  1 :   0.6550168534E-01
  l.o. =  6, l =  0, energy derivative =  0 :   0.9648329826    
  l.o. =  6, l =  0, energy derivative =  1 :   0.9648329826    
  l.o. =  6, l =  0, energy derivative =  2 :   0.9648329826    
  l.o. =  7, l =  1, energy derivative =  0 :    1.384274867    
  l.o. =  7, l =  1, energy derivative =  1 :    1.384274867    
  l.o. =  7, l =  1, energy derivative =  2 :    1.384274867    
  l.o. =  8, l =  2, energy derivative =  0 :    1.665306750    
  l.o. =  8, l =  2, energy derivative =  1 :    1.665306750    
  l.o. =  8, l =  2, energy derivative =  2 :    1.665306750    
  l.o. =  9, l =  3, energy derivative =  0 :    3.574752468    
  l.o. =  9, l =  3, energy derivative =  1 :    3.574752468    
  l.o. =  9, l =  3, energy derivative =  2 :    3.574752468    
  l.o. = 10, l =  4, energy derivative =  0 :    5.600308249    
  l.o. = 10, l =  4, energy derivative =  1 :    5.600308249    
  l.o. = 10, l =  4, energy derivative =  2 :    5.600308249    
  l.o. = 11, l =  5, energy derivative =  0 :    7.859168288    
  l.o. = 11, l =  5, energy derivative =  1 :    7.859168288    
  l.o. = 11, l =  5, energy derivative =  2 :    7.859168288    
  l.o. = 12, l =  6, energy derivative =  0 :    10.37793950    
  l.o. = 12, l =  6, energy derivative =  1 :    10.37793950    
  l.o. = 12, l =  6, energy derivative =  2 :    10.37793950    
  l.o. = 13, l =  7, energy derivative =  0 :    13.16535686    
  l.o. = 13, l =  7, energy derivative =  1 :    13.16535686    
  l.o. = 13, l =  7, energy derivative =  2 :    13.16535686    
