  0.6234109984    
   2.209299889    
   1.238787108    
   1.203596661    
   1.159107703    
   1.065305604    
  0.7013150135    
  0.3885105480    
  0.7941916933E-01
  0.1025203122    
  0.1161676789    
  0.1030534043    
  0.7116594296E-01
  0.1295814908E-01
  0.9576387523E-02
  0.3996570190E-02
  0.2324611485E-02
  0.1186095321E-02
  0.5902955857E-03
  0.1457815820E-03
  0.7955094242E-04
  0.4947152635E-04
  0.3708563603E-04
  0.3005979155E-04
  0.1307356075E-04
  0.9625449131E-05
  0.4583342311E-05
  0.3244985398E-05
  0.3223225096E-05
  0.2983926558E-05
  0.2184699929E-05
  0.4543719435E-06
  0.1197018705E-06
  0.9598805614E-07
  0.4813715498E-07
