    -3009.91482334    
    -2952.45543213    
    -3054.77561905    
    -2955.67201149    
    -2956.23599275    
    -2955.41967594    
    -2952.54638928    
    -2927.30196961    
    -2923.52802910    
    -2921.10629032    
    -2923.12227155    
    -2923.99604302    
    -2922.95321202    
    -2920.18547684    
    -2914.76255143    
    -2914.80848997    
    -2913.93708868    
    -2914.21660097    
    -2914.07912957    
    -2914.06597529    
    -2914.03141363    
    -2914.03469771    
    -2914.03821007    
    -2914.03861962    
    -2914.03864178    
    -2914.03902767    
    -2914.03900119    
    -2914.03883036    
    -2914.03861293    
    -2914.03856838    
    -2914.03859278    
    -2914.03866469    
    -2914.03881145    
    -2914.03881247    
    -2914.03881890    
    -2914.03881895    
    -2914.03881827    
