   45.15855107    
   78.51209619    
   19.86821137    
  0.7208179915    
   25.25286560    
   8.607797030    
   1.465747201    
   6.741859194    
   22.08587875    
   29.15212637    
   19.66223679    
   13.54039301    
   6.331379329    
   4.594643380    
   1.878182619    
  0.4369320260    
   3.135582117    
   6.504010711    
   7.270370043    
   3.363136663    
   1.182132770    
  0.4889050913    
  0.1173391497    
  0.8663775807E-03
  0.5859744402E-01
  0.9423821413E-01
  0.1018129869    
  0.8808600557E-01
  0.5512045115E-01
  0.2701816295E-01
  0.9803775763E-02
  0.3428401596E-02
  0.2429416636E-03
  0.8297607565E-03
  0.7522863452E-03
  0.5928127684E-03
  0.4842020244E-03
  0.1148623996E-03
  0.1394647188E-03
  0.9176808089E-04
  0.2446254075E-04
  0.9719577065E-05
  0.1512147719E-05
  0.1234862430E-04
  0.2845670679E-05
