   204.3728164    
   201.2115861    
   202.5285498    
   181.4909427    
   178.7960246    
   153.9509320    
   153.3906205    
   153.5217387    
   186.9157876    
   134.6343626    
   102.3475480    
   65.98862675    
   55.03053714    
   48.92762052    
   46.09898521    
   45.25555134    
   45.59905434    
   46.92879850    
   50.11155501    
   52.91771828    
   53.90866634    
   53.65970147    
   53.56795198    
   53.34484127    
   53.24446880    
   53.23132935    
   53.31346634    
   53.39237748    
   53.47260556    
   53.51914148    
   53.54365032    
   53.55341550    
   53.56268371    
   53.56598935    
   53.56572735    
   53.56554006    
   53.56428173    
   53.56382507    
   53.56348234    
   53.56323150    
   53.56309114    
   53.56306320    
   53.56305055    
   53.56304692    
   53.56303571    
   53.56303194    
   53.56303651    
