    0.112287609981E-02
    0.756578075996E-03
    0.573642443138E-03
    0.761495896735E-03
    0.104190088577E-02
    0.156935064302E-02
    0.170866868734E-02
    0.178516308361E-02
    0.660421791547E-03
    0.900799341825E-03
    0.239441783739E-02
    0.313681899619E-02
    0.367371105456E-02
    0.385944320863E-02
    0.402556635916E-02
    0.404860916263E-02
    0.391351062333E-02
    0.358658865397E-02
    0.279659864338E-02
    0.221075030295E-02
    0.201914001689E-02
    0.199087578625E-02
    0.197309158626E-02
    0.198218706459E-02
    0.198419739501E-02
    0.198348922424E-02
    0.197483042818E-02
    0.196766616416E-02
    0.195984236112E-02
    0.195552969169E-02
    0.195325541862E-02
    0.195220896565E-02
    0.195136696872E-02
    0.195097327418E-02
    0.195101658917E-02
    0.195097809221E-02
    0.195107924785E-02
    0.195113127086E-02
    0.195115345434E-02
    0.195117722426E-02
    0.195118882672E-02
    0.195119085077E-02
    0.195119279134E-02
    0.195119393143E-02
    0.195119556464E-02
    0.195119619807E-02
    0.195119562993E-02
