 
+----------------------------+
| Real-space lattice vectors |
+----------------------------+
 
vector a1 :    4.848659199       0.000000000       0.000000000    
vector a2 :    2.424329599       4.199062041       0.000000000    
vector a3 :    0.000000000       0.000000000       66.40497486    
 
Stored column-wise as a matrix :
   4.848659199       2.424329599       0.000000000    
   0.000000000       4.199062041       0.000000000    
   0.000000000       0.000000000       66.40497486    
 
Inverse of matrix :
  0.2062425836     -0.1190742111       0.000000000    
   0.000000000      0.2381484223       0.000000000    
   0.000000000       0.000000000      0.1505911270E-01
 
Unit cell volume :    1351.993388    
 
 
+----------------------------------+
| Reciprocal-space lattice vectors |
+----------------------------------+
 
vector b1 :    1.295860371     -0.7481653339       0.000000000    
vector b2 :    0.000000000       1.496330668       0.000000000    
vector b3 :    0.000000000       0.000000000      0.9461919563E-01
 
Stored column-wise as a matrix :
   1.295860371       0.000000000       0.000000000    
 -0.7481653339       1.496330668       0.000000000    
   0.000000000       0.000000000      0.9461919563E-01
 
Inverse of matrix :
  0.7716880789       0.000000000       0.000000000    
  0.3858440394      0.6683014801       0.000000000    
   0.000000000       0.000000000       10.56868000    
 
Brillouin zone volume :   0.1834699901    
