  0.4658701398    
  0.6047984884    
  0.5725216995    
  0.5352978516    
  0.5824687496    
  0.5672424936    
  0.5603581590    
  0.3068843478    
  0.1568718187    
  0.1307343010    
  0.1048497961    
  0.1126712667    
  0.1097828646    
  0.1115118797    
  0.1130231726    
  0.1080400632    
  0.9133958389E-01
  0.6131875741E-01
  0.2766209730E-01
  0.1755785522E-01
  0.1475833406E-01
  0.1083520558E-01
  0.7804033969E-02
  0.5811268574E-02
  0.3586562022E-02
  0.2098072400E-02
  0.1175676826E-02
  0.5795788963E-03
  0.2770082748E-03
  0.1619816500E-03
  0.1175553761E-03
  0.6925958789E-04
  0.4256699218E-04
  0.3573422674E-04
  0.1832367242E-04
  0.6561644852E-05
  0.2855317511E-05
  0.1637052253E-05
  0.5236640159E-06
  0.2228113166E-06
  0.2726424950E-06
  0.1641612919E-06
  0.1005715498E-06
  0.2685838116E-07
  0.5791893467E-07
