    -19766.0407081    
    -19720.8821571    
    -19810.6838910    
    -19771.1876556    
    -19775.4338905    
    -19800.8669606    
    -19803.1615412    
    -19799.5438447    
    -19806.6521407    
    -19827.0525547    
    -19850.6832114    
    -19863.0574166    
    -19871.6822504    
    -19874.6285314    
    -19877.6403300    
    -19878.3698518    
    -19877.4633741    
    -19874.4370250    
    -19868.7169098    
    -19863.0725424    
    -19861.5269983    
    -19861.1856497    
    -19860.9922778    
    -19860.9971649    
    -19861.0273661    
    -19860.9685520    
    -19860.8889632    
    -19860.8107097    
    -19860.7480770    
    -19860.7149780    
    -19860.7017400    
    -19860.6986907    
    -19860.6977133    
    -19860.6983274    
    -19860.6992179    
    -19860.6997628    
    -19860.7001675    
    -19860.7005035    
    -19860.7004973    
    -19860.7006081    
    -19860.7006650    
    -19860.7006665    
    -19860.7006701    
    -19860.7006692    
    -19860.7006812    
    -19860.7006809    
    -19860.7006761    
