   57.45939121    
   87.95533912    
   77.11477279    
   4.361257665    
   66.53860749    
   173.8263703    
   400.9321564    
   86.26783929    
   1329.684536    
   1841.935616    
   3484.450444    
   1748.769274    
   1886.715905    
   159.5116329    
   2340.062644    
   1908.922587    
   7035.808378    
   7674.603950    
   1205.902629    
   2967.478995    
   2019.704069    
   1172.044480    
   2378.067088    
   508.9320793    
   630.3114686    
   2002.411463    
   10.74368683    
   536.6025572    
   595.8516383    
   1832.706418    
   261.3236162    
   2491.682747    
   1027.065445    
   185.0770694    
   934.5844804    
   1047.108546    
   1032.624896    
   477.4735698    
   1253.579280    
   111.1080339    
   2303.374634    
   566.1115900    
   521.3784412    
   404.6113649    
   1278.443584    
   314.6786810    
   1267.625240    
   905.5142726    
   296.0064570    
   941.6425836    
   2382.722755    
   2731.313384    
   1916.701641    
   237.9417059    
   151.2990779    
   920.2131899    
   1092.635787    
   164.9692011    
   644.4141590    
   717.5940563    
   293.8566046    
   855.5619197    
   442.0607905    
   1776.194141    
   856.5907457    
   1466.586148    
   311.6534487    
   875.0460580    
   414.6214041    
   1214.379542    
   756.1982192    
   306.7133289    
   472.5054457    
   1087.796831    
   1034.875187    
   260.5431690    
   1748.729422    
   1693.752076    
   593.5592291    
   864.2632052    
   607.6669473    
   1374.069697    
   393.9244578    
   2259.850593    
   62.45710995    
   3076.160453    
   3820.233124    
   1865.194711    
   2022.272379    
   623.1303840    
   1638.477765    
   1419.699959    
   5931.320774    
   6902.549540    
   983.1833042    
   2390.682082    
   6255.645693    
   4526.566996    
   871.5713969    
   1122.530095    
   992.9622386    
   52.87038102    
   97.39024417    
   73.72907848    
   3021.032556    
   1767.900128    
   3782.049484    
   2845.214088    
   4269.412570    
   2196.861949    
   2333.492640    
   112.3430984    
   891.7897708    
   352.6792664    
   1839.680251    
   1803.557532    
   612.0364301    
   1206.323586    
   31.45643925    
   1778.458425    
   937.1168730    
   26.81152200    
   705.1014242    
   1952.975863    
   1060.225238    
   1037.958459    
   1914.166785    
   386.1701833    
   1691.517404    
   3285.068070    
   2812.614705    
   1244.842039    
   732.9628414    
   674.0531053    
   717.0757762    
   509.2151023    
   590.6468473    
   1177.234807    
   1376.016458    
   1303.130751    
   1241.981040    
   2204.902755    
   372.6722134    
   506.8177610    
   521.0710809    
   465.3284814    
   581.9329583    
   1001.406329    
   1115.418457    
   568.0156382    
   876.4631365    
   514.7824300    
   2170.430814    
   393.4777270    
   1470.985034    
   3962.098722    
   3676.384891    
   2237.848339    
   761.3947012    
   1101.123775    
   1540.212497    
   916.4123328    
   751.6189729    
   1165.946199    
   1568.162789    
   2515.743135    
   1721.534449    
   1451.335735    
   1547.712788    
   2012.468468    
   1782.050493    
   1705.615080    
   363.8336107    
   375.5579036    
   1469.253149    
   673.1729156    
   1156.854048    
   290.3501040    
   506.6573310    
   15.07729931    
   1185.321623    
   41.30069067    
   2466.645798    
   1419.971890    
   2356.196472    
   253.8159761    
   485.7807744    
   2523.620295    
   4153.987818    
   1827.437513    
   366.6292620    
   64.21721074    
   3411.315334    
   805.4459143    
   252.0861779    
   1081.676979    
   178.8490801    
   2040.799967    
