   193.6073011    
   181.9250502    
   195.2863256    
   136.6397825    
   292.7598876    
   118.8802134    
   106.7115418    
   125.0061997    
   161.4917696    
   151.2915571    
   61.68846741    
   28.27732659    
   86.96183316    
   150.6045397    
   1046.541277    
   56.29672578    
   93.38706318    
   74.45990373    
   42.86783687    
   56.25404245    
   220.9278174    
   78.11089149    
   97.60310232    
   20.60200198    
   97.83108575    
   135.4176778    
   241.4853865    
   126.6502997    
   1017.273578    
   52.98445002    
   124.8498224    
   101.7190360    
   158.2596594    
   63.43133743    
   163.3708519    
   111.5192607    
   64.13442948    
   140.9597723    
   68.56181030    
   98.01230946    
   201.7856739    
   97.25125662    
   104.6486663    
   154.5307627    
   107.4289354    
   101.1177334    
   128.5197777    
   55.45876366    
   171.7049210    
   173.5459961    
   97.26818198    
   97.54192223    
   91.36913233    
   83.15367421    
   106.8913405    
   84.28302827    
   63.42546861    
   64.73123661    
   156.3131810    
   319.0967986    
   74.14262031    
   151.6712760    
   15.15546111    
   118.6460858    
   87.72392132    
   99.47747546    
   44.48837527    
   203.4626744    
   119.1487217    
   69.57001298    
   55.91883093    
   48.55231351    
   155.3058749    
   162.1789217    
   99.65193497    
   79.38458248    
   156.9822263    
   127.7603063    
   143.9316229    
   71.76183195    
   42.29212063    
   87.07088096    
   60.76048276    
   1014.243415    
   58.37856304    
   54.05034678    
   76.03827587    
   61.12054156    
   121.1999511    
   148.2933294    
   64.25899676    
   118.6452811    
   91.79642459    
   93.94285784    
  0.3737599466    
   123.2974334    
   107.8396474    
   72.14591891    
   90.44039367    
   140.2277543    
   171.4371883    
   70.82347574    
   93.99547416    
   80.41378134    
   108.2375451    
   131.2560240    
   125.9621607    
   99.41924668    
   50.16831141    
   160.2130116    
   102.5235168    
   105.8791874    
   116.7370692    
   125.8738024    
   82.31222440    
   414.8940044    
   123.0682656    
   106.9355681    
   87.12696327    
   50.43014637    
   101.9759246    
   85.77422715    
   197.2055304    
   17.70000535    
   128.7291562    
   134.8555603    
   86.25709256    
   47.99347929    
   143.2135180    
   74.36216653    
   59.29762346    
   103.8708329    
   55.35843388    
   79.07532515    
   69.36177211    
   79.30950190    
   33.88756794    
   138.7668484    
   157.9502067    
   124.1499044    
   58.67733867    
   65.09031534    
   161.2208284    
   169.2749034    
   93.88542175    
   57.94558137    
   110.7449192    
   168.9962266    
   87.74995962    
   85.81569442    
   81.82873566    
   90.61924488    
   238.9374843    
   50.68161615    
   71.67594958    
   155.5889870    
   85.66178761    
   71.04716595    
   562.7293747    
   22.77309036    
   90.01292222    
   126.0537455    
   140.0871915    
   69.05547798    
   37.84096635    
   120.3547605    
   111.9495548    
   52.29371968    
   94.85621491    
   49.82529162    
   420.9575119    
   73.54215786    
   120.5748258    
   90.71903349    
   141.2417898    
   56.45048832    
   82.30697796    
   72.30172297    
   159.9572193    
   66.34177735    
   107.6602273    
   50.02629959    
   75.64357001    
   99.14935938    
   127.2785833    
   29.79694131    
   406.9510344    
   522.5329316    
   68.84374902    
   97.61497812    
   68.53710012    
   147.0537176    
   152.4651890    
   143.3312030    
   70.37375670    
   41.84720008    
   98.09913149    
   88.58120558    
   175.3274671    
   169.9991449    
