    0.237048398858E-03
    0.564765118551E-03
    0.123520825186E-02
    0.207917686138E-02
    0.188796507511E-03
    0.126126919224E-02
    0.111167721026E-02
    0.121878553559E-02
    0.112551769633E-02
    0.111257281025E-02
    0.438046113468E-02
    0.492540407178E-02
    0.228163008226E-02
    0.766365516058E-03
    0.155879799653E-04
    0.482679022888E-02
    0.151662591787E-02
    0.235062002158E-02
    0.481420448192E-02
    0.336581707533E-02
    0.695480441907E-04
    0.340429199081E-02
    0.238590146553E-02
    0.604792408731E-02
    0.122825704981E-02
    0.340062418572E-02
    0.178200706062E-02
    0.130393006184E-02
    0.489195377314E-02
    0.202121170493E-02
    0.212316152708E-02
    0.156971727672E-02
    0.131080426398E-02
    0.251456909783E-02
    0.382633514384E-03
    0.176652105599E-02
    0.324327014236E-02
    0.120382184384E-02
    0.298538769366E-02
    0.120672186474E-02
    0.254381048001E-03
    0.469525859363E-02
    0.110467706971E-02
    0.102543728538E-02
    0.262224441001E-02
    0.182913696979E-02
    0.159632234679E-02
    0.753123591672E-02
    0.203960420585E-02
    0.114574007645E-02
    0.206387714082E-02
    0.249972754540E-02
    0.280232990496E-02
    0.101150686162E-02
    0.185095295337E-02
    0.809050338005E-03
    0.323328441098E-02
    0.227269224806E-02
    0.183835118114E-02
    0.410642625963E-02
    0.174581050763E-02
    0.506880998012E-03
    0.132014111449E-01
    0.131573502157E-02
    0.134940206714E-02
    0.221604160336E-02
    0.304316019343E-02
    0.449738565752E-02
    0.438134654245E-02
    0.233906243024E-02
    0.484086314590E-02
    0.472851624535E-02
    0.157014287163E-02
    0.189698444679E-02
    0.187452381852E-03
    0.239571794316E-02
    0.279451208399E-03
    0.360269201188E-02
    0.245668767351E-02
    0.534305749055E-02
    0.284093286485E-02
    0.307429316250E-02
    0.297679598760E-02
    0.862214519968E-03
    0.349086001743E-02
    0.301295540278E-02
    0.248104868082E-02
    0.409182803735E-02
    0.491857587007E-02
    0.128292216967E-02
    0.187353297605E-02
    0.197562037248E-02
    0.294751043479E-03
    0.550349887542E-02
    0.135654724574E-01
    0.191065086666E-03
    0.320584740531E-03
    0.121887661703E-01
    0.277891354616E-02
    0.431307963048E-03
    0.883667828024E-03
    0.310830739647E-02
    0.215457262747E-02
    0.440391685053E-03
    0.560361713276E-03
    0.100065267996E-02
    0.322641944848E-02
    0.863262364854E-03
    0.654320705635E-02
    0.295619667507E-02
    0.352236143299E-02
    0.122009198265E-02
    0.314318854543E-02
    0.485563329193E-03
    0.502228762594E-02
    0.146321331540E-02
    0.214527069890E-02
    0.160917863228E-02
    0.617058538686E-03
    0.332301757303E-02
    0.139889697235E-02
    0.170842781951E-02
    0.224830129573E-03
    0.659637698485E-02
    0.252811641510E-02
    0.512291276473E-03
    0.707448099154E-03
    0.260439111573E-02
    0.132438428577E-02
    0.213105391877E-02
    0.347686809244E-02
    0.832359446479E-03
    0.324928624755E-02
    0.304576867195E-02
    0.265331098736E-02
    0.247800252797E-02
    0.492905953282E-03
    0.323807774393E-03
    0.103053810804E-02
    0.166416051315E-02
    0.637566277626E-02
    0.355166499432E-02
    0.239720647110E-02
    0.119681485396E-02
    0.108263466255E-02
    0.156236215606E-02
    0.163489412820E-02
    0.673958661320E-03
    0.278811811187E-02
    0.192913256496E-02
    0.332167086230E-02
    0.777729296486E-02
    0.121152319655E-02
    0.389368548508E-02
    0.204421597553E-02
    0.745125178267E-03
    0.105545586054E-02
    0.325700784934E-02
    0.121748152612E-02
    0.611730649788E-02
    0.745774758030E-03
    0.111410016166E-02
    0.106002051163E-02
    0.256325094494E-02
    0.861885406685E-02
    0.590137665968E-02
    0.941032254812E-03
    0.254714973580E-02
    0.280192043197E-02
    0.442312125230E-02
    0.489286893323E-02
    0.187410223052E-02
    0.124100743150E-02
    0.275388792576E-02
    0.155232639201E-02
    0.825203042389E-02
    0.201155782467E-02
    0.377921879578E-02
    0.766721524289E-03
    0.712509586324E-02
    0.894255174310E-03
    0.387684214767E-02
    0.202658844386E-02
    0.263719191882E-02
    0.116569068775E-02
    0.959590659393E-02
    0.210758852214E-02
    0.477847918226E-03
    0.347819978572E-02
    0.165343983213E-02
    0.218324562557E-02
    0.920996301878E-03
    0.177214373876E-02
    0.719289453931E-03
    0.418984887980E-02
    0.387728025087E-02
    0.235535848443E-02
    0.222952357149E-02
    0.408015707908E-03
    0.174342038090E-03
