  0.6234109984    
   2.209299889    
   1.238787108    
   2.475726659    
   10.97825698    
   14.17576041    
   6.130024498    
   9.187834092    
   24.27200507    
   22.93072342    
   37.30253880    
   6.625790725    
   52.35846160    
   38.10178897    
   57.93845781    
   60.66786344    
   92.95052603    
   34.77293140    
   24.27484431    
   33.67128822    
   17.57403540    
   22.72602753    
   28.83850764    
   40.54976897    
   69.53647950    
   35.45177028    
   42.60481572    
   21.64355560    
   30.96450613    
   50.34936541    
   27.05550685    
   35.90056737    
   20.96450959    
   85.21851655    
   25.78768318    
   28.29983722    
   35.77447464    
   22.75679619    
   26.25271127    
   31.69451552    
   57.02164318    
   12.83927010    
   13.94038416    
   14.67184859    
   15.34293488    
   10.38407423    
   41.42665977    
   11.30677706    
   24.09316030    
   15.80498126    
   32.60443826    
   69.56415056    
   33.30795382    
   35.88037403    
   18.27693700    
   20.18893094    
   17.86932522    
   56.23236513    
   36.62332112    
   43.84764027    
   21.01200913    
   31.98624177    
   31.50499418    
   16.60866412    
   23.41285199    
   30.06142314    
   39.23654542    
   23.23627379    
   9.242284976    
   16.06156508    
   14.23021906    
   13.33683549    
   12.90292249    
   23.37312584    
   6.727981833    
   9.256763856    
   31.83897032    
   24.38461831    
   49.06891723    
   16.21285182    
   43.16211256    
   33.62908866    
   34.65520672    
   71.42634635    
   33.81299432    
   41.16302388    
   33.27629735    
   68.83176713    
   16.47115093    
   23.31863892    
   43.40408776    
   43.33240169    
   74.38933243    
   58.57105355    
   46.59928550    
   21.25716170    
   71.96307044    
   23.02519490    
   9.663871732    
   23.74759148    
   25.54802852    
   14.48281642    
   14.09866047    
   12.87116494    
   60.66874056    
   23.31717980    
   45.08944638    
   21.72618820    
   60.48616256    
   24.87487343    
   18.64422318    
   57.54818492    
   34.72869465    
   34.57881450    
   32.60934158    
   33.60016396    
   14.68361980    
   32.91604754    
   11.02000643    
   34.21149529    
   23.16558114    
   16.19834445    
   7.866884146    
   26.62293663    
   33.18280585    
   13.70002498    
   43.18116153    
   31.57737666    
   47.31374483    
   44.04710867    
   14.51257348    
   28.78816835    
   10.27953052    
   13.00423311    
   9.207232383    
   16.27851437    
   30.12254582    
   26.55284496    
   21.45577811    
   19.35246278    
   36.21354756    
   5.920952273    
   11.15930718    
   9.969035059    
   9.492747726    
   22.47227764    
   8.139951156    
   14.37893425    
   10.11100041    
   12.38101905    
   35.23458978    
   27.38911147    
   29.60979974    
   40.79034417    
   46.82813868    
   55.24280947    
   19.71189644    
   24.23560926    
   30.52689056    
   11.42998345    
   34.61951001    
   27.69391779    
   35.89783557    
   24.89534042    
   29.12161500    
   47.92951165    
   22.07989993    
   11.93869249    
   42.36428409    
   39.71795495    
   31.71422960    
   48.95930082    
   20.24544072    
   20.33314523    
   26.54611366    
   12.68176163    
   17.67125379    
   6.484695226    
   45.34884255    
   18.41886023    
   28.21715247    
   29.21511404    
   60.67064374    
   35.73421536    
   40.16627179    
   77.27367778    
   45.63732355    
   54.42974847    
   14.98628278    
   40.16278854    
   22.13855184    
   29.30116044    
   35.50367452    
   41.18085012    
   59.86669291    
   25.45764991    
   19.71474462    
   46.63805181    
