    -3009.91482334    
    -2952.45543213    
    -3054.77561905    
    -2955.67201149    
    -2979.31196235    
    -3044.76025542    
    -3201.95197384    
    -2757.56322489    
    -2944.06410327    
    -4252.18167903    
    -2077.82492881    
    -6022.75927693    
    -3402.87739200    
    -1953.35380545    
    -2584.54441465    
    -4884.72914998    
    -6208.63607565    
    -12767.2138069    
    -3333.65776272    
    -4046.40612122    
    -1380.40278379    
    -4141.97660191    
    -2465.00610408    
    -5136.08431171    
    -5050.49961916    
    -5553.57806797    
    -3393.58873768    
    -3883.44791663    
    -4422.73639554    
    -4884.43739458    
    -2902.76806659    
    -3622.26828738    
    -6048.62013044    
    -4398.63399842    
    -4840.47742913    
    -3859.62368142    
    -5140.37834707    
    -3845.97631486    
    -3626.65896897    
    -4999.60664131    
    -4575.10378743    
    -2299.50616165    
    -3441.46141020    
    -3821.31195391    
    -4095.57870854    
    -2715.98228321    
    -3350.27186027    
    -4539.22743005    
    -3316.80684749    
    -3839.19187265    
    -2823.54767479    
    -5441.68107587    
    -2114.68700277    
    -4714.21698953    
    -3997.09987345    
    -3905.28622201    
    -3022.89780157    
    -4345.58688584    
    -3907.45873801    
    -3304.28687925    
    -4182.98447536    
    -4297.44256586    
    -5079.54033442    
    -4423.58906401    
    -2757.91012054    
    -2345.36791006    
    -4026.10174481    
    -3971.10865641    
    -3018.14923620    
    -2822.28934656    
    -4140.32423983    
    -3080.53113505    
    -3576.29401873    
    -3027.11024079    
    -4233.03343306    
    -2926.20903827    
    -3445.47100406    
    -1631.60578960    
    -3762.54022134    
    -2745.54297320    
    -3758.19598566    
    -4149.79713162    
    -5371.95009169    
    -5422.35712530    
    -3064.02541810    
    -3691.44517624    
    -6751.99135194    
    -2162.71811457    
    -4982.97110684    
    -2494.40004993    
    -2376.83776066    
    -4171.09812147    
    -5181.17863925    
    -10757.5744231    
    -2372.19469016    
    -5081.01537923    
    -2444.53747107    
    -9297.85368478    
    -3207.37526554    
    -3467.44561759    
    -4807.86856221    
    -3534.27379980    
    -3835.38474046    
    -3724.77690104    
    -3675.39538360    
    -672.795096979    
    -3195.95336364    
    -6536.02781598    
    -2745.30135741    
    -7726.01744885    
    -4461.80235701    
    -2677.52520440    
    -3148.55526596    
    -4068.43081141    
    -3492.80410230    
    -5420.65416969    
    -3157.17657548    
    -4220.10238849    
    -2860.76969528    
    -3193.80703095    
    -4964.40134581    
    -3582.66986668    
    -3843.76060691    
    -3131.95630225    
    -1355.25579536    
    -2903.72499922    
    -3676.62714826    
    -5331.30431848    
    -4466.59243897    
    -2871.61758062    
    -6579.56500129    
    -2945.68327907    
    -2403.99491663    
    -3448.16826771    
    -3938.98066266    
    -3053.39161011    
    -3741.87565651    
    -3023.92503361    
    -4348.82155254    
    -2678.49639303    
    -4325.63125816    
    -5241.82961091    
    -2726.43159575    
    -2904.98507113    
    -3504.97088548    
    -2857.19536431    
    -2522.13465319    
    -3220.39973182    
    -4076.32282108    
    -2710.55278168    
    -3557.42303417    
    -4291.88226113    
    -4587.54890699    
    -2288.42248565    
    -3224.50791606    
    -4597.12351856    
    -8191.47598203    
    -3524.56641037    
    -2205.81429435    
    -2003.88167787    
    -3295.35412865    
    -4560.28568156    
    -5091.64489016    
    -4110.92283407    
    -3132.88137848    
    -4992.53071679    
    -2084.74688501    
    -4435.21711770    
    -2553.49777021    
    -4464.04449252    
    -6089.58476299    
    -3804.41715300    
    -2544.31469592    
    -3334.55207672    
    -3619.15157769    
    -4994.51525041    
    -3954.02904765    
    -2965.46822873    
    -2964.33163667    
    -3543.57649372    
    -3431.98946027    
    -4613.54175820    
    -4275.91066184    
    -1819.59003654    
    -3856.22337563    
    -5857.42687545    
    -5014.56178128    
    -5563.79654973    
    -7965.97165082    
    -3181.07875929    
    -2392.13820106    
    -2482.36831726    
    -2509.80842202    
    -5937.17805889    
    -5889.79513963    
    -5436.34748317    
    -4417.69204868    
    -4509.26221333    
    -2513.17451642    
    -3662.42412348    
