   198.2693187    
   199.7257227    
   171.4464744    
   136.0271061    
   133.1987743    
   136.0906234    
   144.4242064    
   146.1004243    
   158.9502319    
   163.3832373    
   161.2341551    
   160.7364846    
   160.0002742    
   160.2497352    
   160.2725044    
   160.1875887    
   160.1583259    
   160.1572781    
   160.1583716    
   160.1594350    
   160.1589279    
   160.1585761    
   160.1584478    
   160.1584744    
   160.1584466    
   160.1584316    
   160.1584455    
   160.1584645    
