    0.546325775144E-03
    0.586289771436E-03
    0.874267865245E-03
    0.188696983803E-02
    0.166444889185E-02
    0.157647429335E-02
    0.144548210149E-02
    0.144832251363E-02
    0.121091986992E-02
    0.661678940207E-03
    0.966516424052E-03
    0.107612996322E-02
    0.122226345318E-02
    0.118931279933E-02
    0.117204866707E-02
    0.117955931589E-02
    0.118290502142E-02
    0.118396949826E-02
    0.118380941012E-02
    0.118352525372E-02
    0.118350730291E-02
    0.118353328190E-02
    0.118354445867E-02
    0.118354215907E-02
    0.118354482585E-02
    0.118354636179E-02
    0.118354547272E-02
    0.118354369844E-02
