 
+----------------------------+
| Real-space lattice vectors |
+----------------------------+
 
vector a1 :    5.399136529       0.000000000       0.000000000    
vector a2 :    2.699568265       4.675789393       0.000000000    
vector a3 :    0.000000000       0.000000000       71.79749648    
 
Stored column-wise as a matrix :
   5.399136529       2.699568265       0.000000000    
   0.000000000       4.675789393       0.000000000    
   0.000000000       0.000000000       71.79749648    
 
Inverse of matrix :
  0.1852148014     -0.1069338155       0.000000000    
   0.000000000      0.2138676309       0.000000000    
   0.000000000       0.000000000      0.1392806224E-01
 
Unit cell volume :    1812.543976    
 
 
+----------------------------------+
| Reciprocal-space lattice vectors |
+----------------------------------+
 
vector b1 :    1.163738919     -0.6718849781       0.000000000    
vector b2 :    0.000000000       1.343769956       0.000000000    
vector b3 :    0.000000000       0.000000000      0.8751259606E-01
 
Stored column-wise as a matrix :
   1.163738919       0.000000000       0.000000000    
 -0.6718849781       1.343769956       0.000000000    
   0.000000000       0.000000000      0.8751259606E-01
 
Inverse of matrix :
  0.8592992671       0.000000000       0.000000000    
  0.4296496335      0.7441749947       0.000000000    
   0.000000000       0.000000000       11.42692647    
 
Brillouin zone volume :   0.1368519698    
