 
Species :    1 (Al), atom :    1
 APW functions :
  l =  0, energy derivative =  0 :   0.5849886566E-01
  l =  1, energy derivative =  0 :   0.5849886566E-01
  l =  2, energy derivative =  0 :   0.5849886566E-01
  l =  3, energy derivative =  0 :   0.5849886566E-01
  l =  4, energy derivative =  0 :   0.5849886566E-01
  l =  5, energy derivative =  0 :   0.5849886566E-01
  l =  6, energy derivative =  0 :   0.5849886566E-01
  l =  7, energy derivative =  0 :   0.5849886566E-01
  l =  8, energy derivative =  0 :   0.5849886566E-01
  l =  9, energy derivative =  0 :   0.5849886566E-01
 local-orbital functions :
  l.o. =  1, l =  0, energy derivative =  0 :   0.5849886566E-01
  l.o. =  1, l =  0, energy derivative =  1 :   0.5849886566E-01
  l.o. =  2, l =  1, energy derivative =  0 :   0.5849886566E-01
  l.o. =  2, l =  1, energy derivative =  1 :   0.5849886566E-01
  l.o. =  3, l =  1, energy derivative =  0 :   0.5849886566E-01
  l.o. =  3, l =  1, energy derivative =  0 :   -2.225315515    
  l.o. =  4, l =  2, energy derivative =  0 :   0.5849886566E-01
  l.o. =  4, l =  2, energy derivative =  1 :   0.5849886566E-01
  l.o. =  5, l =  3, energy derivative =  0 :   0.5849886566E-01
  l.o. =  5, l =  3, energy derivative =  1 :   0.5849886566E-01
  l.o. =  6, l =  0, energy derivative =  0 :   0.9424973036    
  l.o. =  6, l =  0, energy derivative =  1 :   0.9424973036    
  l.o. =  6, l =  0, energy derivative =  2 :   0.9424973036    
  l.o. =  7, l =  1, energy derivative =  0 :    1.353741349    
  l.o. =  7, l =  1, energy derivative =  1 :    1.353741349    
  l.o. =  7, l =  1, energy derivative =  2 :    1.353741349    
  l.o. =  8, l =  2, energy derivative =  0 :    1.636921066    
  l.o. =  8, l =  2, energy derivative =  1 :    1.636921066    
  l.o. =  8, l =  2, energy derivative =  2 :    1.636921066    
  l.o. =  9, l =  3, energy derivative =  0 :    3.543104224    
  l.o. =  9, l =  3, energy derivative =  1 :    3.543104224    
  l.o. =  9, l =  3, energy derivative =  2 :    3.543104224    
  l.o. = 10, l =  4, energy derivative =  0 :    5.568433559    
  l.o. = 10, l =  4, energy derivative =  1 :    5.568433559    
  l.o. = 10, l =  4, energy derivative =  2 :    5.568433559    
  l.o. = 11, l =  5, energy derivative =  0 :    7.827965580    
  l.o. = 11, l =  5, energy derivative =  1 :    7.827965580    
  l.o. = 11, l =  5, energy derivative =  2 :    7.827965580    
  l.o. = 12, l =  6, energy derivative =  0 :    10.34786413    
  l.o. = 12, l =  6, energy derivative =  1 :    10.34786413    
  l.o. = 12, l =  6, energy derivative =  2 :    10.34786413    
  l.o. = 13, l =  7, energy derivative =  0 :    13.13669350    
  l.o. = 13, l =  7, energy derivative =  1 :    13.13669350    
  l.o. = 13, l =  7, energy derivative =  2 :    13.13669350    
 
Species :    1 (Al), atom :    2
 APW functions :
  l =  0, energy derivative =  0 :   0.5849886566E-01
  l =  1, energy derivative =  0 :   0.5849886566E-01
  l =  2, energy derivative =  0 :   0.5849886566E-01
  l =  3, energy derivative =  0 :   0.5849886566E-01
  l =  4, energy derivative =  0 :   0.5849886566E-01
  l =  5, energy derivative =  0 :   0.5849886566E-01
  l =  6, energy derivative =  0 :   0.5849886566E-01
  l =  7, energy derivative =  0 :   0.5849886566E-01
  l =  8, energy derivative =  0 :   0.5849886566E-01
  l =  9, energy derivative =  0 :   0.5849886566E-01
 local-orbital functions :
  l.o. =  1, l =  0, energy derivative =  0 :   0.5849886566E-01
  l.o. =  1, l =  0, energy derivative =  1 :   0.5849886566E-01
  l.o. =  2, l =  1, energy derivative =  0 :   0.5849886566E-01
  l.o. =  2, l =  1, energy derivative =  1 :   0.5849886566E-01
  l.o. =  3, l =  1, energy derivative =  0 :   0.5849886566E-01
  l.o. =  3, l =  1, energy derivative =  0 :   -2.223240402    
  l.o. =  4, l =  2, energy derivative =  0 :   0.5849886566E-01
  l.o. =  4, l =  2, energy derivative =  1 :   0.5849886566E-01
  l.o. =  5, l =  3, energy derivative =  0 :   0.5849886566E-01
  l.o. =  5, l =  3, energy derivative =  1 :   0.5849886566E-01
  l.o. =  6, l =  0, energy derivative =  0 :   0.9408634595    
  l.o. =  6, l =  0, energy derivative =  1 :   0.9408634595    
  l.o. =  6, l =  0, energy derivative =  2 :   0.9408634595    
  l.o. =  7, l =  1, energy derivative =  0 :    1.352211458    
  l.o. =  7, l =  1, energy derivative =  1 :    1.352211458    
  l.o. =  7, l =  1, energy derivative =  2 :    1.352211458    
  l.o. =  8, l =  2, energy derivative =  0 :    1.635507935    
  l.o. =  8, l =  2, energy derivative =  1 :    1.635507935    
  l.o. =  8, l =  2, energy derivative =  2 :    1.635507935    
  l.o. =  9, l =  3, energy derivative =  0 :    3.540728527    
  l.o. =  9, l =  3, energy derivative =  1 :    3.540728527    
  l.o. =  9, l =  3, energy derivative =  2 :    3.540728527    
  l.o. = 10, l =  4, energy derivative =  0 :    5.565468646    
  l.o. = 10, l =  4, energy derivative =  1 :    5.565468646    
  l.o. = 10, l =  4, energy derivative =  2 :    5.565468646    
  l.o. = 11, l =  5, energy derivative =  0 :    7.824555015    
  l.o. = 11, l =  5, energy derivative =  1 :    7.824555015    
  l.o. = 11, l =  5, energy derivative =  2 :    7.824555015    
  l.o. = 12, l =  6, energy derivative =  0 :    10.34409080    
  l.o. = 12, l =  6, energy derivative =  1 :    10.34409080    
  l.o. = 12, l =  6, energy derivative =  2 :    10.34409080    
  l.o. = 13, l =  7, energy derivative =  0 :    13.13261375    
  l.o. = 13, l =  7, energy derivative =  1 :    13.13261375    
  l.o. = 13, l =  7, energy derivative =  2 :    13.13261375    
 
Species :    1 (Al), atom :    3
 APW functions :
  l =  0, energy derivative =  0 :   0.5849886566E-01
  l =  1, energy derivative =  0 :   0.5849886566E-01
  l =  2, energy derivative =  0 :   0.5849886566E-01
  l =  3, energy derivative =  0 :   0.5849886566E-01
  l =  4, energy derivative =  0 :   0.5849886566E-01
  l =  5, energy derivative =  0 :   0.5849886566E-01
  l =  6, energy derivative =  0 :   0.5849886566E-01
  l =  7, energy derivative =  0 :   0.5849886566E-01
  l =  8, energy derivative =  0 :   0.5849886566E-01
  l =  9, energy derivative =  0 :   0.5849886566E-01
 local-orbital functions :
  l.o. =  1, l =  0, energy derivative =  0 :   0.5849886566E-01
  l.o. =  1, l =  0, energy derivative =  1 :   0.5849886566E-01
  l.o. =  2, l =  1, energy derivative =  0 :   0.5849886566E-01
  l.o. =  2, l =  1, energy derivative =  1 :   0.5849886566E-01
  l.o. =  3, l =  1, energy derivative =  0 :   0.5849886566E-01
  l.o. =  3, l =  1, energy derivative =  0 :   -2.222205383    
  l.o. =  4, l =  2, energy derivative =  0 :   0.5849886566E-01
  l.o. =  4, l =  2, energy derivative =  1 :   0.5849886566E-01
  l.o. =  5, l =  3, energy derivative =  0 :   0.5849886566E-01
  l.o. =  5, l =  3, energy derivative =  1 :   0.5849886566E-01
  l.o. =  6, l =  0, energy derivative =  0 :   0.9418470042    
  l.o. =  6, l =  0, energy derivative =  1 :   0.9418470042    
  l.o. =  6, l =  0, energy derivative =  2 :   0.9418470042    
  l.o. =  7, l =  1, energy derivative =  0 :    1.353200164    
  l.o. =  7, l =  1, energy derivative =  1 :    1.353200164    
  l.o. =  7, l =  1, energy derivative =  2 :    1.353200164    
  l.o. =  8, l =  2, energy derivative =  0 :    1.636482432    
  l.o. =  8, l =  2, energy derivative =  1 :    1.636482432    
  l.o. =  8, l =  2, energy derivative =  2 :    1.636482432    
  l.o. =  9, l =  3, energy derivative =  0 :    3.541702569    
  l.o. =  9, l =  3, energy derivative =  1 :    3.541702569    
  l.o. =  9, l =  3, energy derivative =  2 :    3.541702569    
  l.o. = 10, l =  4, energy derivative =  0 :    5.566445256    
  l.o. = 10, l =  4, energy derivative =  1 :    5.566445256    
  l.o. = 10, l =  4, energy derivative =  2 :    5.566445256    
  l.o. = 11, l =  5, energy derivative =  0 :    7.825534798    
  l.o. = 11, l =  5, energy derivative =  1 :    7.825534798    
  l.o. = 11, l =  5, energy derivative =  2 :    7.825534798    
  l.o. = 12, l =  6, energy derivative =  0 :    10.34507387    
  l.o. = 12, l =  6, energy derivative =  1 :    10.34507387    
  l.o. = 12, l =  6, energy derivative =  2 :    10.34507387    
  l.o. = 13, l =  7, energy derivative =  0 :    13.13360007    
  l.o. = 13, l =  7, energy derivative =  1 :    13.13360007    
  l.o. = 13, l =  7, energy derivative =  2 :    13.13360007    
 
Species :    1 (Al), atom :    4
 APW functions :
  l =  0, energy derivative =  0 :   0.5849886566E-01
  l =  1, energy derivative =  0 :   0.5849886566E-01
  l =  2, energy derivative =  0 :   0.5849886566E-01
  l =  3, energy derivative =  0 :   0.5849886566E-01
  l =  4, energy derivative =  0 :   0.5849886566E-01
  l =  5, energy derivative =  0 :   0.5849886566E-01
  l =  6, energy derivative =  0 :   0.5849886566E-01
  l =  7, energy derivative =  0 :   0.5849886566E-01
  l =  8, energy derivative =  0 :   0.5849886566E-01
  l =  9, energy derivative =  0 :   0.5849886566E-01
 local-orbital functions :
  l.o. =  1, l =  0, energy derivative =  0 :   0.5849886566E-01
  l.o. =  1, l =  0, energy derivative =  1 :   0.5849886566E-01
  l.o. =  2, l =  1, energy derivative =  0 :   0.5849886566E-01
  l.o. =  2, l =  1, energy derivative =  1 :   0.5849886566E-01
  l.o. =  3, l =  1, energy derivative =  0 :   0.5849886566E-01
  l.o. =  3, l =  1, energy derivative =  0 :   -2.222647417    
  l.o. =  4, l =  2, energy derivative =  0 :   0.5849886566E-01
  l.o. =  4, l =  2, energy derivative =  1 :   0.5849886566E-01
  l.o. =  5, l =  3, energy derivative =  0 :   0.5849886566E-01
  l.o. =  5, l =  3, energy derivative =  1 :   0.5849886566E-01
  l.o. =  6, l =  0, energy derivative =  0 :   0.9415288744    
  l.o. =  6, l =  0, energy derivative =  1 :   0.9415288744    
  l.o. =  6, l =  0, energy derivative =  2 :   0.9415288744    
  l.o. =  7, l =  1, energy derivative =  0 :    1.352875634    
  l.o. =  7, l =  1, energy derivative =  1 :    1.352875634    
  l.o. =  7, l =  1, energy derivative =  2 :    1.352875634    
  l.o. =  8, l =  2, energy derivative =  0 :    1.636165716    
  l.o. =  8, l =  2, energy derivative =  1 :    1.636165716    
  l.o. =  8, l =  2, energy derivative =  2 :    1.636165716    
  l.o. =  9, l =  3, energy derivative =  0 :    3.541406788    
  l.o. =  9, l =  3, energy derivative =  1 :    3.541406788    
  l.o. =  9, l =  3, energy derivative =  2 :    3.541406788    
  l.o. = 10, l =  4, energy derivative =  0 :    5.566159153    
  l.o. = 10, l =  4, energy derivative =  1 :    5.566159153    
  l.o. = 10, l =  4, energy derivative =  2 :    5.566159153    
  l.o. = 11, l =  5, energy derivative =  0 :    7.825254486    
  l.o. = 11, l =  5, energy derivative =  1 :    7.825254486    
  l.o. = 11, l =  5, energy derivative =  2 :    7.825254486    
  l.o. = 12, l =  6, energy derivative =  0 :    10.34479735    
  l.o. = 12, l =  6, energy derivative =  1 :    10.34479735    
  l.o. = 12, l =  6, energy derivative =  2 :    10.34479735    
  l.o. = 13, l =  7, energy derivative =  0 :    13.13332612    
  l.o. = 13, l =  7, energy derivative =  1 :    13.13332612    
  l.o. = 13, l =  7, energy derivative =  2 :    13.13332612    
 
Species :    1 (Al), atom :    5
 APW functions :
  l =  0, energy derivative =  0 :   0.5849886566E-01
  l =  1, energy derivative =  0 :   0.5849886566E-01
  l =  2, energy derivative =  0 :   0.5849886566E-01
  l =  3, energy derivative =  0 :   0.5849886566E-01
  l =  4, energy derivative =  0 :   0.5849886566E-01
  l =  5, energy derivative =  0 :   0.5849886566E-01
  l =  6, energy derivative =  0 :   0.5849886566E-01
  l =  7, energy derivative =  0 :   0.5849886566E-01
  l =  8, energy derivative =  0 :   0.5849886566E-01
  l =  9, energy derivative =  0 :   0.5849886566E-01
 local-orbital functions :
  l.o. =  1, l =  0, energy derivative =  0 :   0.5849886566E-01
  l.o. =  1, l =  0, energy derivative =  1 :   0.5849886566E-01
  l.o. =  2, l =  1, energy derivative =  0 :   0.5849886566E-01
  l.o. =  2, l =  1, energy derivative =  1 :   0.5849886566E-01
  l.o. =  3, l =  1, energy derivative =  0 :   0.5849886566E-01
  l.o. =  3, l =  1, energy derivative =  0 :   -2.224053489    
  l.o. =  4, l =  2, energy derivative =  0 :   0.5849886566E-01
  l.o. =  4, l =  2, energy derivative =  1 :   0.5849886566E-01
  l.o. =  5, l =  3, energy derivative =  0 :   0.5849886566E-01
  l.o. =  5, l =  3, energy derivative =  1 :   0.5849886566E-01
  l.o. =  6, l =  0, energy derivative =  0 :   0.9402621589    
  l.o. =  6, l =  0, energy derivative =  1 :   0.9402621589    
  l.o. =  6, l =  0, energy derivative =  2 :   0.9402621589    
  l.o. =  7, l =  1, energy derivative =  0 :    1.351604815    
  l.o. =  7, l =  1, energy derivative =  1 :    1.351604815    
  l.o. =  7, l =  1, energy derivative =  2 :    1.351604815    
  l.o. =  8, l =  2, energy derivative =  0 :    1.634887771    
  l.o. =  8, l =  2, energy derivative =  1 :    1.634887771    
  l.o. =  8, l =  2, energy derivative =  2 :    1.634887771    
  l.o. =  9, l =  3, energy derivative =  0 :    3.540160379    
  l.o. =  9, l =  3, energy derivative =  1 :    3.540160379    
  l.o. =  9, l =  3, energy derivative =  2 :    3.540160379    
  l.o. = 10, l =  4, energy derivative =  0 :    5.564928310    
  l.o. = 10, l =  4, energy derivative =  1 :    5.564928310    
  l.o. = 10, l =  4, energy derivative =  2 :    5.564928310    
  l.o. = 11, l =  5, energy derivative =  0 :    7.824033088    
  l.o. = 11, l =  5, energy derivative =  1 :    7.824033088    
  l.o. = 11, l =  5, energy derivative =  2 :    7.824033088    
  l.o. = 12, l =  6, energy derivative =  0 :    10.34358211    
  l.o. = 12, l =  6, energy derivative =  1 :    10.34358211    
  l.o. = 12, l =  6, energy derivative =  2 :    10.34358211    
  l.o. = 13, l =  7, energy derivative =  0 :    13.13211504    
  l.o. = 13, l =  7, energy derivative =  1 :    13.13211504    
  l.o. = 13, l =  7, energy derivative =  2 :    13.13211504    
 
Species :    1 (Al), atom :    6
 APW functions :
  l =  0, energy derivative =  0 :   0.5849886566E-01
  l =  1, energy derivative =  0 :   0.5849886566E-01
  l =  2, energy derivative =  0 :   0.5849886566E-01
  l =  3, energy derivative =  0 :   0.5849886566E-01
  l =  4, energy derivative =  0 :   0.5849886566E-01
  l =  5, energy derivative =  0 :   0.5849886566E-01
  l =  6, energy derivative =  0 :   0.5849886566E-01
  l =  7, energy derivative =  0 :   0.5849886566E-01
  l =  8, energy derivative =  0 :   0.5849886566E-01
  l =  9, energy derivative =  0 :   0.5849886566E-01
 local-orbital functions :
  l.o. =  1, l =  0, energy derivative =  0 :   0.5849886566E-01
  l.o. =  1, l =  0, energy derivative =  1 :   0.5849886566E-01
  l.o. =  2, l =  1, energy derivative =  0 :   0.5849886566E-01
  l.o. =  2, l =  1, energy derivative =  1 :   0.5849886566E-01
  l.o. =  3, l =  1, energy derivative =  0 :   0.5849886566E-01
  l.o. =  3, l =  1, energy derivative =  0 :   -2.223322073    
  l.o. =  4, l =  2, energy derivative =  0 :   0.5849886566E-01
  l.o. =  4, l =  2, energy derivative =  1 :   0.5849886566E-01
  l.o. =  5, l =  3, energy derivative =  0 :   0.5849886566E-01
  l.o. =  5, l =  3, energy derivative =  1 :   0.5849886566E-01
  l.o. =  6, l =  0, energy derivative =  0 :   0.9408823100    
  l.o. =  6, l =  0, energy derivative =  1 :   0.9408823100    
  l.o. =  6, l =  0, energy derivative =  2 :   0.9408823100    
  l.o. =  7, l =  1, energy derivative =  0 :    1.352228432    
  l.o. =  7, l =  1, energy derivative =  1 :    1.352228432    
  l.o. =  7, l =  1, energy derivative =  2 :    1.352228432    
  l.o. =  8, l =  2, energy derivative =  0 :    1.635514914    
  l.o. =  8, l =  2, energy derivative =  1 :    1.635514914    
  l.o. =  8, l =  2, energy derivative =  2 :    1.635514914    
  l.o. =  9, l =  3, energy derivative =  0 :    3.540761415    
  l.o. =  9, l =  3, energy derivative =  1 :    3.540761415    
  l.o. =  9, l =  3, energy derivative =  2 :    3.540761415    
  l.o. = 10, l =  4, energy derivative =  0 :    5.565515074    
  l.o. = 10, l =  4, energy derivative =  1 :    5.565515074    
  l.o. = 10, l =  4, energy derivative =  2 :    5.565515074    
  l.o. = 11, l =  5, energy derivative =  0 :    7.824610088    
  l.o. = 11, l =  5, energy derivative =  1 :    7.824610088    
  l.o. = 11, l =  5, energy derivative =  2 :    7.824610088    
  l.o. = 12, l =  6, energy derivative =  0 :    10.34415183    
  l.o. = 12, l =  6, energy derivative =  1 :    10.34415183    
  l.o. = 12, l =  6, energy derivative =  2 :    10.34415183    
  l.o. = 13, l =  7, energy derivative =  0 :    13.13267908    
  l.o. = 13, l =  7, energy derivative =  1 :    13.13267908    
  l.o. = 13, l =  7, energy derivative =  2 :    13.13267908    
 
Species :    1 (Al), atom :    7
 APW functions :
  l =  0, energy derivative =  0 :   0.5849886566E-01
  l =  1, energy derivative =  0 :   0.5849886566E-01
  l =  2, energy derivative =  0 :   0.5849886566E-01
  l =  3, energy derivative =  0 :   0.5849886566E-01
  l =  4, energy derivative =  0 :   0.5849886566E-01
  l =  5, energy derivative =  0 :   0.5849886566E-01
  l =  6, energy derivative =  0 :   0.5849886566E-01
  l =  7, energy derivative =  0 :   0.5849886566E-01
  l =  8, energy derivative =  0 :   0.5849886566E-01
  l =  9, energy derivative =  0 :   0.5849886566E-01
 local-orbital functions :
  l.o. =  1, l =  0, energy derivative =  0 :   0.5849886566E-01
  l.o. =  1, l =  0, energy derivative =  1 :   0.5849886566E-01
  l.o. =  2, l =  1, energy derivative =  0 :   0.5849886566E-01
  l.o. =  2, l =  1, energy derivative =  1 :   0.5849886566E-01
  l.o. =  3, l =  1, energy derivative =  0 :   0.5849886566E-01
  l.o. =  3, l =  1, energy derivative =  0 :   -2.224053313    
  l.o. =  4, l =  2, energy derivative =  0 :   0.5849886566E-01
  l.o. =  4, l =  2, energy derivative =  1 :   0.5849886566E-01
  l.o. =  5, l =  3, energy derivative =  0 :   0.5849886566E-01
  l.o. =  5, l =  3, energy derivative =  1 :   0.5849886566E-01
  l.o. =  6, l =  0, energy derivative =  0 :   0.9402620326    
  l.o. =  6, l =  0, energy derivative =  1 :   0.9402620326    
  l.o. =  6, l =  0, energy derivative =  2 :   0.9402620326    
  l.o. =  7, l =  1, energy derivative =  0 :    1.351604699    
  l.o. =  7, l =  1, energy derivative =  1 :    1.351604699    
  l.o. =  7, l =  1, energy derivative =  2 :    1.351604699    
  l.o. =  8, l =  2, energy derivative =  0 :    1.634887661    
  l.o. =  8, l =  2, energy derivative =  1 :    1.634887661    
  l.o. =  8, l =  2, energy derivative =  2 :    1.634887661    
  l.o. =  9, l =  3, energy derivative =  0 :    3.540160195    
  l.o. =  9, l =  3, energy derivative =  1 :    3.540160195    
  l.o. =  9, l =  3, energy derivative =  2 :    3.540160195    
  l.o. = 10, l =  4, energy derivative =  0 :    5.564928085    
  l.o. = 10, l =  4, energy derivative =  1 :    5.564928085    
  l.o. = 10, l =  4, energy derivative =  2 :    5.564928085    
  l.o. = 11, l =  5, energy derivative =  0 :    7.824032832    
  l.o. = 11, l =  5, energy derivative =  1 :    7.824032832    
  l.o. = 11, l =  5, energy derivative =  2 :    7.824032832    
  l.o. = 12, l =  6, energy derivative =  0 :    10.34358183    
  l.o. = 12, l =  6, energy derivative =  1 :    10.34358183    
  l.o. = 12, l =  6, energy derivative =  2 :    10.34358183    
  l.o. = 13, l =  7, energy derivative =  0 :    13.13211474    
  l.o. = 13, l =  7, energy derivative =  1 :    13.13211474    
  l.o. = 13, l =  7, energy derivative =  2 :    13.13211474    
 
Species :    1 (Al), atom :    8
 APW functions :
  l =  0, energy derivative =  0 :   0.5849886566E-01
  l =  1, energy derivative =  0 :   0.5849886566E-01
  l =  2, energy derivative =  0 :   0.5849886566E-01
  l =  3, energy derivative =  0 :   0.5849886566E-01
  l =  4, energy derivative =  0 :   0.5849886566E-01
  l =  5, energy derivative =  0 :   0.5849886566E-01
  l =  6, energy derivative =  0 :   0.5849886566E-01
  l =  7, energy derivative =  0 :   0.5849886566E-01
  l =  8, energy derivative =  0 :   0.5849886566E-01
  l =  9, energy derivative =  0 :   0.5849886566E-01
 local-orbital functions :
  l.o. =  1, l =  0, energy derivative =  0 :   0.5849886566E-01
  l.o. =  1, l =  0, energy derivative =  1 :   0.5849886566E-01
  l.o. =  2, l =  1, energy derivative =  0 :   0.5849886566E-01
  l.o. =  2, l =  1, energy derivative =  1 :   0.5849886566E-01
  l.o. =  3, l =  1, energy derivative =  0 :   0.5849886566E-01
  l.o. =  3, l =  1, energy derivative =  0 :   -2.222647615    
  l.o. =  4, l =  2, energy derivative =  0 :   0.5849886566E-01
  l.o. =  4, l =  2, energy derivative =  1 :   0.5849886566E-01
  l.o. =  5, l =  3, energy derivative =  0 :   0.5849886566E-01
  l.o. =  5, l =  3, energy derivative =  1 :   0.5849886566E-01
  l.o. =  6, l =  0, energy derivative =  0 :   0.9415289762    
  l.o. =  6, l =  0, energy derivative =  1 :   0.9415289762    
  l.o. =  6, l =  0, energy derivative =  2 :   0.9415289762    
  l.o. =  7, l =  1, energy derivative =  0 :    1.352875726    
  l.o. =  7, l =  1, energy derivative =  1 :    1.352875726    
  l.o. =  7, l =  1, energy derivative =  2 :    1.352875726    
  l.o. =  8, l =  2, energy derivative =  0 :    1.636165802    
  l.o. =  8, l =  2, energy derivative =  1 :    1.636165802    
  l.o. =  8, l =  2, energy derivative =  2 :    1.636165802    
  l.o. =  9, l =  3, energy derivative =  0 :    3.541406947    
  l.o. =  9, l =  3, energy derivative =  1 :    3.541406947    
  l.o. =  9, l =  3, energy derivative =  2 :    3.541406947    
  l.o. = 10, l =  4, energy derivative =  0 :    5.566159354    
  l.o. = 10, l =  4, energy derivative =  1 :    5.566159354    
  l.o. = 10, l =  4, energy derivative =  2 :    5.566159354    
  l.o. = 11, l =  5, energy derivative =  0 :    7.825254718    
  l.o. = 11, l =  5, energy derivative =  1 :    7.825254718    
  l.o. = 11, l =  5, energy derivative =  2 :    7.825254718    
  l.o. = 12, l =  6, energy derivative =  0 :    10.34479760    
  l.o. = 12, l =  6, energy derivative =  1 :    10.34479760    
  l.o. = 12, l =  6, energy derivative =  2 :    10.34479760    
  l.o. = 13, l =  7, energy derivative =  0 :    13.13332640    
  l.o. = 13, l =  7, energy derivative =  1 :    13.13332640    
  l.o. = 13, l =  7, energy derivative =  2 :    13.13332640    
 
Species :    1 (Al), atom :    9
 APW functions :
  l =  0, energy derivative =  0 :   0.5849886566E-01
  l =  1, energy derivative =  0 :   0.5849886566E-01
  l =  2, energy derivative =  0 :   0.5849886566E-01
  l =  3, energy derivative =  0 :   0.5849886566E-01
  l =  4, energy derivative =  0 :   0.5849886566E-01
  l =  5, energy derivative =  0 :   0.5849886566E-01
  l =  6, energy derivative =  0 :   0.5849886566E-01
  l =  7, energy derivative =  0 :   0.5849886566E-01
  l =  8, energy derivative =  0 :   0.5849886566E-01
  l =  9, energy derivative =  0 :   0.5849886566E-01
 local-orbital functions :
  l.o. =  1, l =  0, energy derivative =  0 :   0.5849886566E-01
  l.o. =  1, l =  0, energy derivative =  1 :   0.5849886566E-01
  l.o. =  2, l =  1, energy derivative =  0 :   0.5849886566E-01
  l.o. =  2, l =  1, energy derivative =  1 :   0.5849886566E-01
  l.o. =  3, l =  1, energy derivative =  0 :   0.5849886566E-01
  l.o. =  3, l =  1, energy derivative =  0 :   -2.223322179    
  l.o. =  4, l =  2, energy derivative =  0 :   0.5849886566E-01
  l.o. =  4, l =  2, energy derivative =  1 :   0.5849886566E-01
  l.o. =  5, l =  3, energy derivative =  0 :   0.5849886566E-01
  l.o. =  5, l =  3, energy derivative =  1 :   0.5849886566E-01
  l.o. =  6, l =  0, energy derivative =  0 :   0.9408822146    
  l.o. =  6, l =  0, energy derivative =  1 :   0.9408822146    
  l.o. =  6, l =  0, energy derivative =  2 :   0.9408822146    
  l.o. =  7, l =  1, energy derivative =  0 :    1.352228336    
  l.o. =  7, l =  1, energy derivative =  1 :    1.352228336    
  l.o. =  7, l =  1, energy derivative =  2 :    1.352228336    
  l.o. =  8, l =  2, energy derivative =  0 :    1.635514818    
  l.o. =  8, l =  2, energy derivative =  1 :    1.635514818    
  l.o. =  8, l =  2, energy derivative =  2 :    1.635514818    
  l.o. =  9, l =  3, energy derivative =  0 :    3.540761322    
  l.o. =  9, l =  3, energy derivative =  1 :    3.540761322    
  l.o. =  9, l =  3, energy derivative =  2 :    3.540761322    
  l.o. = 10, l =  4, energy derivative =  0 :    5.565514982    
  l.o. = 10, l =  4, energy derivative =  1 :    5.565514982    
  l.o. = 10, l =  4, energy derivative =  2 :    5.565514982    
  l.o. = 11, l =  5, energy derivative =  0 :    7.824609997    
  l.o. = 11, l =  5, energy derivative =  1 :    7.824609997    
  l.o. = 11, l =  5, energy derivative =  2 :    7.824609997    
  l.o. = 12, l =  6, energy derivative =  0 :    10.34415174    
  l.o. = 12, l =  6, energy derivative =  1 :    10.34415174    
  l.o. = 12, l =  6, energy derivative =  2 :    10.34415174    
  l.o. = 13, l =  7, energy derivative =  0 :    13.13267899    
  l.o. = 13, l =  7, energy derivative =  1 :    13.13267899    
  l.o. = 13, l =  7, energy derivative =  2 :    13.13267899    
 
Species :    1 (Al), atom :   10
 APW functions :
  l =  0, energy derivative =  0 :   0.5849886566E-01
  l =  1, energy derivative =  0 :   0.5849886566E-01
  l =  2, energy derivative =  0 :   0.5849886566E-01
  l =  3, energy derivative =  0 :   0.5849886566E-01
  l =  4, energy derivative =  0 :   0.5849886566E-01
  l =  5, energy derivative =  0 :   0.5849886566E-01
  l =  6, energy derivative =  0 :   0.5849886566E-01
  l =  7, energy derivative =  0 :   0.5849886566E-01
  l =  8, energy derivative =  0 :   0.5849886566E-01
  l =  9, energy derivative =  0 :   0.5849886566E-01
 local-orbital functions :
  l.o. =  1, l =  0, energy derivative =  0 :   0.5849886566E-01
  l.o. =  1, l =  0, energy derivative =  1 :   0.5849886566E-01
  l.o. =  2, l =  1, energy derivative =  0 :   0.5849886566E-01
  l.o. =  2, l =  1, energy derivative =  1 :   0.5849886566E-01
  l.o. =  3, l =  1, energy derivative =  0 :   0.5849886566E-01
  l.o. =  3, l =  1, energy derivative =  0 :   -2.223240154    
  l.o. =  4, l =  2, energy derivative =  0 :   0.5849886566E-01
  l.o. =  4, l =  2, energy derivative =  1 :   0.5849886566E-01
  l.o. =  5, l =  3, energy derivative =  0 :   0.5849886566E-01
  l.o. =  5, l =  3, energy derivative =  1 :   0.5849886566E-01
  l.o. =  6, l =  0, energy derivative =  0 :   0.9408633634    
  l.o. =  6, l =  0, energy derivative =  1 :   0.9408633634    
  l.o. =  6, l =  0, energy derivative =  2 :   0.9408633634    
  l.o. =  7, l =  1, energy derivative =  0 :    1.352211373    
  l.o. =  7, l =  1, energy derivative =  1 :    1.352211373    
  l.o. =  7, l =  1, energy derivative =  2 :    1.352211373    
  l.o. =  8, l =  2, energy derivative =  0 :    1.635507857    
  l.o. =  8, l =  2, energy derivative =  1 :    1.635507857    
  l.o. =  8, l =  2, energy derivative =  2 :    1.635507857    
  l.o. =  9, l =  3, energy derivative =  0 :    3.540728366    
  l.o. =  9, l =  3, energy derivative =  1 :    3.540728366    
  l.o. =  9, l =  3, energy derivative =  2 :    3.540728366    
  l.o. = 10, l =  4, energy derivative =  0 :    5.565468436    
  l.o. = 10, l =  4, energy derivative =  1 :    5.565468436    
  l.o. = 10, l =  4, energy derivative =  2 :    5.565468436    
  l.o. = 11, l =  5, energy derivative =  0 :    7.824554771    
  l.o. = 11, l =  5, energy derivative =  1 :    7.824554771    
  l.o. = 11, l =  5, energy derivative =  2 :    7.824554771    
  l.o. = 12, l =  6, energy derivative =  0 :    10.34409053    
  l.o. = 12, l =  6, energy derivative =  1 :    10.34409053    
  l.o. = 12, l =  6, energy derivative =  2 :    10.34409053    
  l.o. = 13, l =  7, energy derivative =  0 :    13.13261346    
  l.o. = 13, l =  7, energy derivative =  1 :    13.13261346    
  l.o. = 13, l =  7, energy derivative =  2 :    13.13261346    
 
Species :    1 (Al), atom :   11
 APW functions :
  l =  0, energy derivative =  0 :   0.5849886566E-01
  l =  1, energy derivative =  0 :   0.5849886566E-01
  l =  2, energy derivative =  0 :   0.5849886566E-01
  l =  3, energy derivative =  0 :   0.5849886566E-01
  l =  4, energy derivative =  0 :   0.5849886566E-01
  l =  5, energy derivative =  0 :   0.5849886566E-01
  l =  6, energy derivative =  0 :   0.5849886566E-01
  l =  7, energy derivative =  0 :   0.5849886566E-01
  l =  8, energy derivative =  0 :   0.5849886566E-01
  l =  9, energy derivative =  0 :   0.5849886566E-01
 local-orbital functions :
  l.o. =  1, l =  0, energy derivative =  0 :   0.5849886566E-01
  l.o. =  1, l =  0, energy derivative =  1 :   0.5849886566E-01
  l.o. =  2, l =  1, energy derivative =  0 :   0.5849886566E-01
  l.o. =  2, l =  1, energy derivative =  1 :   0.5849886566E-01
  l.o. =  3, l =  1, energy derivative =  0 :   0.5849886566E-01
  l.o. =  3, l =  1, energy derivative =  0 :   -2.225315782    
  l.o. =  4, l =  2, energy derivative =  0 :   0.5849886566E-01
  l.o. =  4, l =  2, energy derivative =  1 :   0.5849886566E-01
  l.o. =  5, l =  3, energy derivative =  0 :   0.5849886566E-01
  l.o. =  5, l =  3, energy derivative =  1 :   0.5849886566E-01
  l.o. =  6, l =  0, energy derivative =  0 :   0.9424972615    
  l.o. =  6, l =  0, energy derivative =  1 :   0.9424972615    
  l.o. =  6, l =  0, energy derivative =  2 :   0.9424972615    
  l.o. =  7, l =  1, energy derivative =  0 :    1.353741300    
  l.o. =  7, l =  1, energy derivative =  1 :    1.353741300    
  l.o. =  7, l =  1, energy derivative =  2 :    1.353741300    
  l.o. =  8, l =  2, energy derivative =  0 :    1.636921012    
  l.o. =  8, l =  2, energy derivative =  1 :    1.636921012    
  l.o. =  8, l =  2, energy derivative =  2 :    1.636921012    
  l.o. =  9, l =  3, energy derivative =  0 :    3.543104225    
  l.o. =  9, l =  3, energy derivative =  1 :    3.543104225    
  l.o. =  9, l =  3, energy derivative =  2 :    3.543104225    
  l.o. = 10, l =  4, energy derivative =  0 :    5.568433592    
  l.o. = 10, l =  4, energy derivative =  1 :    5.568433592    
  l.o. = 10, l =  4, energy derivative =  2 :    5.568433592    
  l.o. = 11, l =  5, energy derivative =  0 :    7.827965636    
  l.o. = 11, l =  5, energy derivative =  1 :    7.827965636    
  l.o. = 11, l =  5, energy derivative =  2 :    7.827965636    
  l.o. = 12, l =  6, energy derivative =  0 :    10.34786421    
  l.o. = 12, l =  6, energy derivative =  1 :    10.34786421    
  l.o. = 12, l =  6, energy derivative =  2 :    10.34786421    
  l.o. = 13, l =  7, energy derivative =  0 :    13.13669359    
  l.o. = 13, l =  7, energy derivative =  1 :    13.13669359    
  l.o. = 13, l =  7, energy derivative =  2 :    13.13669359    
 
Species :    1 (Al), atom :   12
 APW functions :
  l =  0, energy derivative =  0 :   0.5849886566E-01
  l =  1, energy derivative =  0 :   0.5849886566E-01
  l =  2, energy derivative =  0 :   0.5849886566E-01
  l =  3, energy derivative =  0 :   0.5849886566E-01
  l =  4, energy derivative =  0 :   0.5849886566E-01
  l =  5, energy derivative =  0 :   0.5849886566E-01
  l =  6, energy derivative =  0 :   0.5849886566E-01
  l =  7, energy derivative =  0 :   0.5849886566E-01
  l =  8, energy derivative =  0 :   0.5849886566E-01
  l =  9, energy derivative =  0 :   0.5849886566E-01
 local-orbital functions :
  l.o. =  1, l =  0, energy derivative =  0 :   0.5849886566E-01
  l.o. =  1, l =  0, energy derivative =  1 :   0.5849886566E-01
  l.o. =  2, l =  1, energy derivative =  0 :   0.5849886566E-01
  l.o. =  2, l =  1, energy derivative =  1 :   0.5849886566E-01
  l.o. =  3, l =  1, energy derivative =  0 :   0.5849886566E-01
  l.o. =  3, l =  1, energy derivative =  0 :   -2.222205427    
  l.o. =  4, l =  2, energy derivative =  0 :   0.5849886566E-01
  l.o. =  4, l =  2, energy derivative =  1 :   0.5849886566E-01
  l.o. =  5, l =  3, energy derivative =  0 :   0.5849886566E-01
  l.o. =  5, l =  3, energy derivative =  1 :   0.5849886566E-01
  l.o. =  6, l =  0, energy derivative =  0 :   0.9418468679    
  l.o. =  6, l =  0, energy derivative =  1 :   0.9418468679    
  l.o. =  6, l =  0, energy derivative =  2 :   0.9418468679    
  l.o. =  7, l =  1, energy derivative =  0 :    1.353200031    
  l.o. =  7, l =  1, energy derivative =  1 :    1.353200031    
  l.o. =  7, l =  1, energy derivative =  2 :    1.353200031    
  l.o. =  8, l =  2, energy derivative =  0 :    1.636482300    
  l.o. =  8, l =  2, energy derivative =  1 :    1.636482300    
  l.o. =  8, l =  2, energy derivative =  2 :    1.636482300    
  l.o. =  9, l =  3, energy derivative =  0 :    3.541702415    
  l.o. =  9, l =  3, energy derivative =  1 :    3.541702415    
  l.o. =  9, l =  3, energy derivative =  2 :    3.541702415    
  l.o. = 10, l =  4, energy derivative =  0 :    5.566445090    
  l.o. = 10, l =  4, energy derivative =  1 :    5.566445090    
  l.o. = 10, l =  4, energy derivative =  2 :    5.566445090    
  l.o. = 11, l =  5, energy derivative =  0 :    7.825534623    
  l.o. = 11, l =  5, energy derivative =  1 :    7.825534623    
  l.o. = 11, l =  5, energy derivative =  2 :    7.825534623    
  l.o. = 12, l =  6, energy derivative =  0 :    10.34507369    
  l.o. = 12, l =  6, energy derivative =  1 :    10.34507369    
  l.o. = 12, l =  6, energy derivative =  2 :    10.34507369    
  l.o. = 13, l =  7, energy derivative =  0 :    13.13359988    
  l.o. = 13, l =  7, energy derivative =  1 :    13.13359988    
  l.o. = 13, l =  7, energy derivative =  2 :    13.13359988    
