    -2995.74569153    
    -2993.98289279    
    -2965.12860659    
    -2939.96910934    
    -2925.44999776    
    -2919.56765177    
    -2911.67668715    
    -2910.33004847    
    -2904.78990164    
    -2902.07884802    
    -2903.08003056    
    -2903.19695607    
    -2903.21985028    
    -2903.02789027    
    -2902.96558827    
    -2902.97940845    
    -2902.99604581    
    -2903.00218872    
    -2903.00410499    
    -2903.00461776    
    -2903.00485515    
    -2903.00476629    
    -2903.00471830    
    -2903.00469278    
    -2903.00469628    
    -2903.00470012    
    -2903.00469922    
    -2903.00470162    
